{"D:\\PROJECTS\\challenge4\\backend\\controllers\\chatController.js": {"path":"D:\\PROJECTS\\challenge4\\backend\\controllers\\chatController.js","statementMap":{"0":{"start":{"line":28,"column":27},"end":{"line":33,"column":1}},"1":{"start":{"line":35,"column":20},"end":{"line":35,"column":29}},"2":{"start":{"line":38,"column":15},"end":{"line":38,"column":25}},"3":{"start":{"line":39,"column":15},"end":{"line":39,"column":72}},"4":{"start":{"line":39,"column":55},"end":{"line":39,"column":71}},"5":{"start":{"line":40,"column":2},"end":{"line":40,"column":null}},"6":{"start":{"line":41,"column":2},"end":{"line":41,"column":null}},"7":{"start":{"line":42,"column":2},"end":{"line":42,"column":26}},"8":{"start":{"line":47,"column":22},"end":{"line":47,"column":36}},"9":{"start":{"line":54,"column":33},"end":{"line":189,"column":1}},"10":{"start":{"line":55,"column":19},"end":{"line":55,"column":38}},"11":{"start":{"line":57,"column":2},"end":{"line":62,"column":null}},"12":{"start":{"line":58,"column":4},"end":{"line":61,"column":null}},"13":{"start":{"line":70,"column":6},"end":{"line":70,"column":14}},"14":{"start":{"line":72,"column":2},"end":{"line":74,"column":null}},"15":{"start":{"line":73,"column":4},"end":{"line":73,"column":null}},"16":{"start":{"line":76,"column":2},"end":{"line":81,"column":null}},"17":{"start":{"line":76,"column":35},"end":{"line":76,"column":50}},"18":{"start":{"line":77,"column":4},"end":{"line":80,"column":null}},"19":{"start":{"line":85,"column":2},"end":{"line":90,"column":null}},"20":{"start":{"line":86,"column":4},"end":{"line":86,"column":null}},"21":{"start":{"line":88,"column":4},"end":{"line":88,"column":null}},"22":{"start":{"line":89,"column":4},"end":{"line":89,"column":null}},"23":{"start":{"line":92,"column":57},"end":{"line":92,"column":66}},"24":{"start":{"line":93,"column":27},"end":{"line":93,"column":57}},"25":{"start":{"line":96,"column":24},"end":{"line":96,"column":52}},"26":{"start":{"line":97,"column":24},"end":{"line":97,"column":35}},"27":{"start":{"line":98,"column":24},"end":{"line":98,"column":45}},"28":{"start":{"line":99,"column":24},"end":{"line":99,"column":73}},"29":{"start":{"line":102,"column":23},"end":{"line":102,"column":27}},"30":{"start":{"line":103,"column":23},"end":{"line":103,"column":27}},"31":{"start":{"line":104,"column":23},"end":{"line":104,"column":27}},"32":{"start":{"line":105,"column":23},"end":{"line":105,"column":27}},"33":{"start":{"line":106,"column":23},"end":{"line":106,"column":27}},"34":{"start":{"line":107,"column":26},"end":{"line":107,"column":30}},"35":{"start":{"line":110,"column":2},"end":{"line":114,"column":null}},"36":{"start":{"line":111,"column":14},"end":{"line":111,"column":106}},"37":{"start":{"line":112,"column":4},"end":{"line":112,"column":null}},"38":{"start":{"line":113,"column":4},"end":{"line":113,"column":null}},"39":{"start":{"line":117,"column":2},"end":{"line":125,"column":null}},"40":{"start":{"line":118,"column":14},"end":{"line":118,"column":112}},"41":{"start":{"line":119,"column":4},"end":{"line":119,"column":null}},"42":{"start":{"line":120,"column":4},"end":{"line":120,"column":null}},"43":{"start":{"line":122,"column":4},"end":{"line":124,"column":null}},"44":{"start":{"line":123,"column":6},"end":{"line":123,"column":null}},"45":{"start":{"line":128,"column":2},"end":{"line":132,"column":null}},"46":{"start":{"line":129,"column":17},"end":{"line":129,"column":40}},"47":{"start":{"line":130,"column":4},"end":{"line":130,"column":null}},"48":{"start":{"line":131,"column":4},"end":{"line":131,"column":null}},"49":{"start":{"line":135,"column":19},"end":{"line":135,"column":21}},"50":{"start":{"line":136,"column":19},"end":{"line":136,"column":21}},"51":{"start":{"line":138,"column":2},"end":{"line":146,"column":null}},"52":{"start":{"line":139,"column":4},"end":{"line":145,"column":null}},"53":{"start":{"line":140,"column":24},"end":{"line":140,"column":51}},"54":{"start":{"line":141,"column":6},"end":{"line":141,"column":null}},"55":{"start":{"line":142,"column":6},"end":{"line":142,"column":null}},"56":{"start":{"line":144,"column":6},"end":{"line":144,"column":null}},"57":{"start":{"line":150,"column":2},"end":{"line":168,"column":null}},"58":{"start":{"line":151,"column":4},"end":{"line":159,"column":null}},"59":{"start":{"line":161,"column":4},"end":{"line":161,"column":null}},"60":{"start":{"line":163,"column":4},"end":{"line":167,"column":null}},"61":{"start":{"line":163,"column":27},"end":{"line":163,"column":null}},"62":{"start":{"line":164,"column":9},"end":{"line":167,"column":null}},"63":{"start":{"line":164,"column":32},"end":{"line":164,"column":null}},"64":{"start":{"line":165,"column":9},"end":{"line":167,"column":null}},"65":{"start":{"line":165,"column":32},"end":{"line":165,"column":null}},"66":{"start":{"line":166,"column":9},"end":{"line":167,"column":null}},"67":{"start":{"line":166,"column":35},"end":{"line":166,"column":null}},"68":{"start":{"line":167,"column":9},"end":{"line":167,"column":null}},"69":{"start":{"line":171,"column":2},"end":{"line":188,"column":null}}},"fnMap":{"0":{"name":"rateLimitCheck","decl":{"start":{"line":37,"column":9},"end":{"line":37,"column":23}},"loc":{"start":{"line":37,"column":28},"end":{"line":43,"column":null}},"line":37},"1":{"name":"(anonymous_1)","decl":{"start":{"line":39,"column":50},"end":{"line":39,"column":51}},"loc":{"start":{"line":39,"column":55},"end":{"line":39,"column":71}},"line":39},"2":{"name":"(anonymous_2)","decl":{"start":{"line":54,"column":33},"end":{"line":54,"column":38}},"loc":{"start":{"line":54,"column":53},"end":{"line":189,"column":1}},"line":54},"3":{"name":"(anonymous_3)","decl":{"start":{"line":76,"column":30},"end":{"line":76,"column":31}},"loc":{"start":{"line":76,"column":35},"end":{"line":76,"column":50}},"line":76}},"branchMap":{"0":{"loc":{"start":{"line":39,"column":16},"end":{"line":39,"column":41}},"type":"binary-expr","locations":[{"start":{"line":39,"column":16},"end":{"line":39,"column":35}},{"start":{"line":39,"column":39},"end":{"line":39,"column":41}}],"line":39},"1":{"loc":{"start":{"line":55,"column":19},"end":{"line":55,"column":38}},"type":"binary-expr","locations":[{"start":{"line":55,"column":19},"end":{"line":55,"column":25}},{"start":{"line":55,"column":29},"end":{"line":55,"column":38}}],"line":55},"2":{"loc":{"start":{"line":57,"column":2},"end":{"line":62,"column":null}},"type":"if","locations":[{"start":{"line":57,"column":2},"end":{"line":62,"column":null}},{"start":{},"end":{}}],"line":57},"3":{"loc":{"start":{"line":66,"column":4},"end":{"line":66,"column":26}},"type":"default-arg","locations":[{"start":{"line":66,"column":22},"end":{"line":66,"column":26}}],"line":66},"4":{"loc":{"start":{"line":67,"column":4},"end":{"line":67,"column":29}},"type":"default-arg","locations":[{"start":{"line":67,"column":24},"end":{"line":67,"column":29}}],"line":67},"5":{"loc":{"start":{"line":68,"column":4},"end":{"line":68,"column":35}},"type":"default-arg","locations":[{"start":{"line":68,"column":22},"end":{"line":68,"column":35}}],"line":68},"6":{"loc":{"start":{"line":69,"column":4},"end":{"line":69,"column":26}},"type":"default-arg","locations":[{"start":{"line":69,"column":22},"end":{"line":69,"column":26}}],"line":69},"7":{"loc":{"start":{"line":72,"column":2},"end":{"line":74,"column":null}},"type":"if","locations":[{"start":{"line":72,"column":2},"end":{"line":74,"column":null}},{"start":{},"end":{}}],"line":72},"8":{"loc":{"start":{"line":72,"column":6},"end":{"line":72,"column":76}},"type":"binary-expr","locations":[{"start":{"line":72,"column":6},"end":{"line":72,"column":14}},{"start":{"line":72,"column":18},"end":{"line":72,"column":45}},{"start":{"line":72,"column":49},"end":{"line":72,"column":76}}],"line":72},"9":{"loc":{"start":{"line":76,"column":2},"end":{"line":81,"column":null}},"type":"if","locations":[{"start":{"line":76,"column":2},"end":{"line":81,"column":null}},{"start":{},"end":{}}],"line":76},"10":{"loc":{"start":{"line":92,"column":18},"end":{"line":92,"column":31}},"type":"default-arg","locations":[{"start":{"line":92,"column":29},"end":{"line":92,"column":31}}],"line":92},"11":{"loc":{"start":{"line":92,"column":33},"end":{"line":92,"column":52}},"type":"default-arg","locations":[{"start":{"line":92,"column":45},"end":{"line":92,"column":52}}],"line":92},"12":{"loc":{"start":{"line":93,"column":27},"end":{"line":93,"column":57}},"type":"binary-expr","locations":[{"start":{"line":93,"column":27},"end":{"line":93,"column":45}},{"start":{"line":93,"column":49},"end":{"line":93,"column":57}}],"line":93},"13":{"loc":{"start":{"line":96,"column":24},"end":{"line":96,"column":52}},"type":"binary-expr","locations":[{"start":{"line":96,"column":24},"end":{"line":96,"column":37}},{"start":{"line":96,"column":41},"end":{"line":96,"column":52}}],"line":96},"14":{"loc":{"start":{"line":99,"column":24},"end":{"line":99,"column":73}},"type":"binary-expr","locations":[{"start":{"line":99,"column":24},"end":{"line":99,"column":41}},{"start":{"line":99,"column":46},"end":{"line":99,"column":72}}],"line":99},"15":{"loc":{"start":{"line":110,"column":2},"end":{"line":114,"column":null}},"type":"if","locations":[{"start":{"line":110,"column":2},"end":{"line":114,"column":null}},{"start":{},"end":{}}],"line":110},"16":{"loc":{"start":{"line":110,"column":6},"end":{"line":110,"column":57}},"type":"binary-expr","locations":[{"start":{"line":110,"column":6},"end":{"line":110,"column":35}},{"start":{"line":110,"column":39},"end":{"line":110,"column":47}},{"start":{"line":110,"column":51},"end":{"line":110,"column":57}}],"line":110},"17":{"loc":{"start":{"line":117,"column":2},"end":{"line":125,"column":null}},"type":"if","locations":[{"start":{"line":117,"column":2},"end":{"line":125,"column":null}},{"start":{},"end":{}}],"line":117},"18":{"loc":{"start":{"line":117,"column":6},"end":{"line":117,"column":64}},"type":"binary-expr","locations":[{"start":{"line":117,"column":6},"end":{"line":117,"column":36}},{"start":{"line":117,"column":40},"end":{"line":117,"column":52}},{"start":{"line":117,"column":56},"end":{"line":117,"column":64}}],"line":117},"19":{"loc":{"start":{"line":122,"column":4},"end":{"line":124,"column":null}},"type":"if","locations":[{"start":{"line":122,"column":4},"end":{"line":124,"column":null}},{"start":{},"end":{}}],"line":122},"20":{"loc":{"start":{"line":122,"column":8},"end":{"line":122,"column":32}},"type":"binary-expr","locations":[{"start":{"line":122,"column":8},"end":{"line":122,"column":20}},{"start":{"line":122,"column":24},"end":{"line":122,"column":32}}],"line":122},"21":{"loc":{"start":{"line":128,"column":2},"end":{"line":132,"column":null}},"type":"if","locations":[{"start":{"line":128,"column":2},"end":{"line":132,"column":null}},{"start":{},"end":{}}],"line":128},"22":{"loc":{"start":{"line":138,"column":2},"end":{"line":146,"column":null}},"type":"if","locations":[{"start":{"line":138,"column":2},"end":{"line":146,"column":null}},{"start":{},"end":{}}],"line":138},"23":{"loc":{"start":{"line":163,"column":4},"end":{"line":167,"column":null}},"type":"if","locations":[{"start":{"line":163,"column":4},"end":{"line":167,"column":null}},{"start":{"line":164,"column":9},"end":{"line":167,"column":null}}],"line":163},"24":{"loc":{"start":{"line":164,"column":9},"end":{"line":167,"column":null}},"type":"if","locations":[{"start":{"line":164,"column":9},"end":{"line":167,"column":null}},{"start":{"line":165,"column":9},"end":{"line":167,"column":null}}],"line":164},"25":{"loc":{"start":{"line":165,"column":9},"end":{"line":167,"column":null}},"type":"if","locations":[{"start":{"line":165,"column":9},"end":{"line":167,"column":null}},{"start":{"line":166,"column":9},"end":{"line":167,"column":null}}],"line":165},"26":{"loc":{"start":{"line":166,"column":9},"end":{"line":167,"column":null}},"type":"if","locations":[{"start":{"line":166,"column":9},"end":{"line":167,"column":null}},{"start":{"line":167,"column":9},"end":{"line":167,"column":null}}],"line":166},"27":{"loc":{"start":{"line":175,"column":11},"end":{"line":184,"column":12}},"type":"cond-expr","locations":[{"start":{"line":176,"column":8},"end":{"line":183,"column":null}},{"start":{"line":184,"column":8},"end":{"line":184,"column":12}}],"line":175}},"s":{"0":2,"1":2,"2":5,"3":5,"4":6,"5":5,"6":5,"7":5,"8":2,"9":2,"10":5,"11":5,"12":0,"13":5,"14":5,"15":1,"16":4,"17":27,"18":2,"19":2,"20":2,"21":0,"22":0,"23":2,"24":2,"25":5,"26":5,"27":5,"28":5,"29":5,"30":5,"31":5,"32":5,"33":5,"34":5,"35":5,"36":1,"37":1,"38":1,"39":2,"40":0,"41":0,"42":0,"43":0,"44":0,"45":2,"46":0,"47":0,"48":0,"49":2,"50":2,"51":2,"52":1,"53":1,"54":1,"55":1,"56":0,"57":2,"58":2,"59":0,"60":0,"61":0,"62":0,"63":0,"64":0,"65":0,"66":0,"67":0,"68":0,"69":2},"f":{"0":5,"1":6,"2":5,"3":27},"b":{"0":[5,2],"1":[5,0],"2":[0,5],"3":[5],"4":[5],"5":[5],"6":[5],"7":[1,4],"8":[5,5,5],"9":[2,2],"10":[2],"11":[2],"12":[2,0],"13":[5,1],"14":[5,2],"15":[1,4],"16":[5,2,2],"17":[0,2],"18":[2,0,0],"19":[0,0],"20":[0,0],"21":[0,2],"22":[1,1],"23":[0,0],"24":[0,0],"25":[0,0],"26":[0,0],"27":[1,1]},"meta":{"lastBranch":28,"lastFunction":4,"lastStatement":70,"seen":{"s:28:27:33:1":0,"s:35:20:35:29":1,"f:37:9:37:23":0,"s:38:15:38:25":2,"s:39:15:39:72":3,"b:39:16:39:35:39:39:39:41":0,"f:39:50:39:51":1,"s:39:55:39:71":4,"s:40:2:40:Infinity":5,"s:41:2:41:Infinity":6,"s:42:2:42:26":7,"s:47:22:47:36":8,"s:54:33:189:1":9,"f:54:33:54:38":2,"s:55:19:55:38":10,"b:55:19:55:25:55:29:55:38":1,"b:57:2:62:Infinity:undefined:undefined:undefined:undefined":2,"s:57:2:62:Infinity":11,"s:58:4:61:Infinity":12,"s:70:6:70:14":13,"b:66:22:66:26":3,"b:67:24:67:29":4,"b:68:22:68:35":5,"b:69:22:69:26":6,"b:72:2:74:Infinity:undefined:undefined:undefined:undefined":7,"s:72:2:74:Infinity":14,"b:72:6:72:14:72:18:72:45:72:49:72:76":8,"s:73:4:73:Infinity":15,"b:76:2:81:Infinity:undefined:undefined:undefined:undefined":9,"s:76:2:81:Infinity":16,"f:76:30:76:31":3,"s:76:35:76:50":17,"s:77:4:80:Infinity":18,"s:85:2:90:Infinity":19,"s:86:4:86:Infinity":20,"s:88:4:88:Infinity":21,"s:89:4:89:Infinity":22,"s:92:57:92:66":23,"b:92:29:92:31":10,"b:92:45:92:52":11,"s:93:27:93:57":24,"b:93:27:93:45:93:49:93:57":12,"s:96:24:96:52":25,"b:96:24:96:37:96:41:96:52":13,"s:97:24:97:35":26,"s:98:24:98:45":27,"s:99:24:99:73":28,"b:99:24:99:41:99:46:99:72":14,"s:102:23:102:27":29,"s:103:23:103:27":30,"s:104:23:104:27":31,"s:105:23:105:27":32,"s:106:23:106:27":33,"s:107:26:107:30":34,"b:110:2:114:Infinity:undefined:undefined:undefined:undefined":15,"s:110:2:114:Infinity":35,"b:110:6:110:35:110:39:110:47:110:51:110:57":16,"s:111:14:111:106":36,"s:112:4:112:Infinity":37,"s:113:4:113:Infinity":38,"b:117:2:125:Infinity:undefined:undefined:undefined:undefined":17,"s:117:2:125:Infinity":39,"b:117:6:117:36:117:40:117:52:117:56:117:64":18,"s:118:14:118:112":40,"s:119:4:119:Infinity":41,"s:120:4:120:Infinity":42,"b:122:4:124:Infinity:undefined:undefined:undefined:undefined":19,"s:122:4:124:Infinity":43,"b:122:8:122:20:122:24:122:32":20,"s:123:6:123:Infinity":44,"b:128:2:132:Infinity:undefined:undefined:undefined:undefined":21,"s:128:2:132:Infinity":45,"s:129:17:129:40":46,"s:130:4:130:Infinity":47,"s:131:4:131:Infinity":48,"s:135:19:135:21":49,"s:136:19:136:21":50,"b:138:2:146:Infinity:undefined:undefined:undefined:undefined":22,"s:138:2:146:Infinity":51,"s:139:4:145:Infinity":52,"s:140:24:140:51":53,"s:141:6:141:Infinity":54,"s:142:6:142:Infinity":55,"s:144:6:144:Infinity":56,"s:150:2:168:Infinity":57,"s:151:4:159:Infinity":58,"s:161:4:161:Infinity":59,"b:163:4:167:Infinity:164:9:167:Infinity":23,"s:163:4:167:Infinity":60,"s:163:27:163:Infinity":61,"b:164:9:167:Infinity:165:9:167:Infinity":24,"s:164:9:167:Infinity":62,"s:164:32:164:Infinity":63,"b:165:9:167:Infinity:166:9:167:Infinity":25,"s:165:9:167:Infinity":64,"s:165:32:165:Infinity":65,"b:166:9:167:Infinity:167:9:167:Infinity":26,"s:166:9:167:Infinity":66,"s:166:35:166:Infinity":67,"s:167:9:167:Infinity":68,"s:171:2:188:Infinity":69,"b:176:8:183:Infinity:184:8:184:12":27},"fnNames":{}}}
,"D:\\PROJECTS\\challenge4\\backend\\services\\authService.js": {"path":"D:\\PROJECTS\\challenge4\\backend\\services\\authService.js","statementMap":{"0":{"start":{"line":3,"column":19},"end":{"line":3,"column":41}},"1":{"start":{"line":14,"column":18},"end":{"line":19,"column":3}},"2":{"start":{"line":20,"column":2},"end":{"line":20,"column":null}},"3":{"start":{"line":24,"column":2},"end":{"line":30,"column":null}}},"fnMap":{"0":{"name":"signToken","decl":{"start":{"line":13,"column":16},"end":{"line":13,"column":25}},"loc":{"start":{"line":13,"column":32},"end":{"line":21,"column":null}},"line":13},"1":{"name":"buildUserProfile","decl":{"start":{"line":23,"column":16},"end":{"line":23,"column":32}},"loc":{"start":{"line":23,"column":39},"end":{"line":31,"column":null}},"line":23}},"branchMap":{"0":{"loc":{"start":{"line":15,"column":8},"end":{"line":15,"column":27}},"type":"binary-expr","locations":[{"start":{"line":15,"column":8},"end":{"line":15,"column":16}},{"start":{"line":15,"column":20},"end":{"line":15,"column":27}}],"line":15},"1":{"loc":{"start":{"line":25,"column":15},"end":{"line":25,"column":34}},"type":"binary-expr","locations":[{"start":{"line":25,"column":15},"end":{"line":25,"column":23}},{"start":{"line":25,"column":27},"end":{"line":25,"column":34}}],"line":25},"2":{"loc":{"start":{"line":29,"column":18},"end":{"line":29,"column":null}},"type":"binary-expr","locations":[{"start":{"line":29,"column":18},"end":{"line":29,"column":35}},{"start":{"line":29,"column":39},"end":{"line":29,"column":null}}],"line":29}},"s":{"0":1,"1":1,"2":1,"3":2},"f":{"0":1,"1":2},"b":{"0":[1,0],"1":[2,1],"2":[2,1]},"meta":{"lastBranch":3,"lastFunction":2,"lastStatement":4,"seen":{"s:3:19:3:41":0,"f:13:16:13:25":0,"s:14:18:19:3":1,"b:15:8:15:16:15:20:15:27":0,"s:20:2:20:Infinity":2,"f:23:16:23:32":1,"s:24:2:30:Infinity":3,"b:25:15:25:23:25:27:25:34":1,"b:29:18:29:35:29:39:29:Infinity":2},"fnNames":{}}}
,"D:\\PROJECTS\\challenge4\\backend\\services\\intentService.js": {"path":"D:\\PROJECTS\\challenge4\\backend\\services\\intentService.js","statementMap":{"0":{"start":{"line":28,"column":17},"end":{"line":28,"column":43}},"1":{"start":{"line":32,"column":2},"end":{"line":35,"column":null}},"2":{"start":{"line":33,"column":4},"end":{"line":33,"column":null}},"3":{"start":{"line":34,"column":4},"end":{"line":34,"column":null}},"4":{"start":{"line":37,"column":2},"end":{"line":37,"column":null}},"5":{"start":{"line":44,"column":21},"end":{"line":64,"column":1}},"6":{"start":{"line":67,"column":2},"end":{"line":67,"column":null}},"7":{"start":{"line":67,"column":12},"end":{"line":67,"column":null}},"8":{"start":{"line":69,"column":2},"end":{"line":69,"column":null}},"9":{"start":{"line":69,"column":25},"end":{"line":69,"column":null}},"10":{"start":{"line":70,"column":16},"end":{"line":70,"column":40}},"11":{"start":{"line":71,"column":2},"end":{"line":71,"column":null}}},"fnMap":{"0":{"name":"classifyAndResolve","decl":{"start":{"line":27,"column":22},"end":{"line":27,"column":40}},"loc":{"start":{"line":27,"column":50},"end":{"line":38,"column":null}},"line":27},"1":{"name":"resolveNodeId","decl":{"start":{"line":66,"column":9},"end":{"line":66,"column":22}},"loc":{"start":{"line":66,"column":28},"end":{"line":72,"column":null}},"line":66}},"branchMap":{"0":{"loc":{"start":{"line":32,"column":2},"end":{"line":35,"column":null}},"type":"if","locations":[{"start":{"line":32,"column":2},"end":{"line":35,"column":null}},{"start":{},"end":{}}],"line":32},"1":{"loc":{"start":{"line":67,"column":2},"end":{"line":67,"column":null}},"type":"if","locations":[{"start":{"line":67,"column":2},"end":{"line":67,"column":null}},{"start":{},"end":{}}],"line":67},"2":{"loc":{"start":{"line":69,"column":2},"end":{"line":69,"column":null}},"type":"if","locations":[{"start":{"line":69,"column":2},"end":{"line":69,"column":null}},{"start":{},"end":{}}],"line":69},"3":{"loc":{"start":{"line":71,"column":9},"end":{"line":71,"column":36}},"type":"binary-expr","locations":[{"start":{"line":71,"column":9},"end":{"line":71,"column":28}},{"start":{"line":71,"column":32},"end":{"line":71,"column":36}}],"line":71}},"s":{"0":4,"1":4,"2":4,"3":4,"4":4,"5":3,"6":8,"7":3,"8":5,"9":3,"10":2,"11":2},"f":{"0":4,"1":8},"b":{"0":[4,0],"1":[3,5],"2":[3,2],"3":[2,1]},"meta":{"lastBranch":4,"lastFunction":2,"lastStatement":12,"seen":{"f:27:22:27:40":0,"s:28:17:28:43":0,"b:32:2:35:Infinity:undefined:undefined:undefined:undefined":0,"s:32:2:35:Infinity":1,"s:33:4:33:Infinity":2,"s:34:4:34:Infinity":3,"s:37:2:37:Infinity":4,"s:44:21:64:1":5,"f:66:9:66:22":1,"b:67:2:67:Infinity:undefined:undefined:undefined:undefined":1,"s:67:2:67:Infinity":6,"s:67:12:67:Infinity":7,"b:69:2:69:Infinity:undefined:undefined:undefined:undefined":2,"s:69:2:69:Infinity":8,"s:69:25:69:Infinity":9,"s:70:16:70:40":10,"s:71:2:71:Infinity":11,"b:71:9:71:28:71:32:71:36":3},"fnNames":{}}}
,"D:\\PROJECTS\\challenge4\\backend\\services\\llmService.js": {"path":"D:\\PROJECTS\\challenge4\\backend\\services\\llmService.js","statementMap":{"0":{"start":{"line":12,"column":19},"end":{"line":12,"column":45}},"1":{"start":{"line":12,"column":25},"end":{"line":12,"column":45}},"2":{"start":{"line":13,"column":19},"end":{"line":13,"column":72}},"3":{"start":{"line":14,"column":24},"end":{"line":14,"column":78}},"4":{"start":{"line":16,"column":0},"end":{"line":20,"column":null}},"5":{"start":{"line":17,"column":2},"end":{"line":17,"column":null}},"6":{"start":{"line":19,"column":2},"end":{"line":19,"column":null}},"7":{"start":{"line":24,"column":22},"end":{"line":50,"column":2}},"8":{"start":{"line":56,"column":16},"end":{"line":56,"column":28}},"9":{"start":{"line":57,"column":2},"end":{"line":57,"column":null}},"10":{"start":{"line":57,"column":14},"end":{"line":57,"column":null}},"11":{"start":{"line":59,"column":2},"end":{"line":90,"column":null}},"12":{"start":{"line":60,"column":21},"end":{"line":75,"column":6}},"13":{"start":{"line":77,"column":4},"end":{"line":79,"column":null}},"14":{"start":{"line":78,"column":6},"end":{"line":78,"column":null}},"15":{"start":{"line":81,"column":17},"end":{"line":81,"column":38}},"16":{"start":{"line":82,"column":16},"end":{"line":82,"column":65}},"17":{"start":{"line":85,"column":20},"end":{"line":85,"column":82}},"18":{"start":{"line":86,"column":4},"end":{"line":86,"column":null}},"19":{"start":{"line":88,"column":4},"end":{"line":88,"column":null}},"20":{"start":{"line":89,"column":4},"end":{"line":89,"column":null}},"21":{"start":{"line":94,"column":16},"end":{"line":94,"column":37}},"22":{"start":{"line":95,"column":15},"end":{"line":95,"column":20}},"23":{"start":{"line":96,"column":20},"end":{"line":96,"column":27}},"24":{"start":{"line":98,"column":2},"end":{"line":110,"column":null}},"25":{"start":{"line":99,"column":4},"end":{"line":99,"column":26}},"26":{"start":{"line":99,"column":27},"end":{"line":99,"column":null}},"27":{"start":{"line":100,"column":9},"end":{"line":110,"column":null}},"28":{"start":{"line":101,"column":4},"end":{"line":101,"column":31}},"29":{"start":{"line":101,"column":32},"end":{"line":101,"column":null}},"30":{"start":{"line":102,"column":9},"end":{"line":110,"column":null}},"31":{"start":{"line":103,"column":4},"end":{"line":103,"column":29}},"32":{"start":{"line":103,"column":30},"end":{"line":103,"column":null}},"33":{"start":{"line":104,"column":9},"end":{"line":110,"column":null}},"34":{"start":{"line":105,"column":4},"end":{"line":105,"column":28}},"35":{"start":{"line":105,"column":29},"end":{"line":105,"column":50}},"36":{"start":{"line":105,"column":51},"end":{"line":105,"column":null}},"37":{"start":{"line":106,"column":9},"end":{"line":110,"column":null}},"38":{"start":{"line":107,"column":4},"end":{"line":107,"column":null}},"39":{"start":{"line":108,"column":9},"end":{"line":110,"column":null}},"40":{"start":{"line":109,"column":4},"end":{"line":109,"column":null}},"41":{"start":{"line":112,"column":2},"end":{"line":112,"column":null}},"42":{"start":{"line":122,"column":16},"end":{"line":122,"column":28}},"43":{"start":{"line":123,"column":2},"end":{"line":123,"column":null}},"44":{"start":{"line":123,"column":14},"end":{"line":123,"column":null}},"45":{"start":{"line":124,"column":2},"end":{"line":150,"column":null}},"46":{"start":{"line":125,"column":21},"end":{"line":132,"column":6}},"47":{"start":{"line":134,"column":4},"end":{"line":136,"column":null}},"48":{"start":{"line":135,"column":6},"end":{"line":135,"column":null}},"49":{"start":{"line":138,"column":17},"end":{"line":138,"column":38}},"50":{"start":{"line":141,"column":4},"end":{"line":145,"column":null}},"51":{"start":{"line":143,"column":6},"end":{"line":143,"column":null}},"52":{"start":{"line":143,"column":34},"end":{"line":143,"column":null}},"53":{"start":{"line":144,"column":6},"end":{"line":144,"column":null}},"54":{"start":{"line":146,"column":4},"end":{"line":146,"column":null}},"55":{"start":{"line":148,"column":4},"end":{"line":148,"column":null}},"56":{"start":{"line":149,"column":4},"end":{"line":149,"column":null}},"57":{"start":{"line":155,"column":22},"end":{"line":166,"column":84}},"58":{"start":{"line":172,"column":16},"end":{"line":172,"column":28}},"59":{"start":{"line":173,"column":2},"end":{"line":175,"column":null}},"60":{"start":{"line":174,"column":4},"end":{"line":174,"column":null}},"61":{"start":{"line":177,"column":25},"end":{"line":179,"column":40}},"62":{"start":{"line":178,"column":55},"end":{"line":178,"column":89}},"63":{"start":{"line":181,"column":22},"end":{"line":185,"column":65}},"64":{"start":{"line":187,"column":21},"end":{"line":187,"column":103}},"65":{"start":{"line":189,"column":2},"end":{"line":216,"column":null}},"66":{"start":{"line":190,"column":21},"end":{"line":205,"column":6}},"67":{"start":{"line":207,"column":4},"end":{"line":209,"column":null}},"68":{"start":{"line":208,"column":6},"end":{"line":208,"column":null}},"69":{"start":{"line":211,"column":17},"end":{"line":211,"column":38}},"70":{"start":{"line":212,"column":4},"end":{"line":212,"column":null}},"71":{"start":{"line":214,"column":4},"end":{"line":214,"column":null}},"72":{"start":{"line":215,"column":4},"end":{"line":215,"column":null}},"73":{"start":{"line":220,"column":2},"end":{"line":220,"column":null}},"74":{"start":{"line":220,"column":21},"end":{"line":220,"column":null}},"75":{"start":{"line":221,"column":2},"end":{"line":221,"column":null}},"76":{"start":{"line":221,"column":22},"end":{"line":221,"column":null}},"77":{"start":{"line":222,"column":2},"end":{"line":222,"column":null}},"78":{"start":{"line":222,"column":19},"end":{"line":222,"column":null}},"79":{"start":{"line":223,"column":2},"end":{"line":223,"column":null}},"80":{"start":{"line":223,"column":28},"end":{"line":223,"column":null}},"81":{"start":{"line":224,"column":2},"end":{"line":224,"column":null}}},"fnMap":{"0":{"name":"(anonymous_0)","decl":{"start":{"line":12,"column":19},"end":{"line":12,"column":20}},"loc":{"start":{"line":12,"column":25},"end":{"line":12,"column":45}},"line":12},"1":{"name":"classifyIntent","decl":{"start":{"line":55,"column":22},"end":{"line":55,"column":36}},"loc":{"start":{"line":55,"column":46},"end":{"line":91,"column":null}},"line":55},"2":{"name":"buildFallbackIntent","decl":{"start":{"line":93,"column":9},"end":{"line":93,"column":28}},"loc":{"start":{"line":93,"column":38},"end":{"line":113,"column":null}},"line":93},"3":{"name":"generateEmbedding","decl":{"start":{"line":121,"column":22},"end":{"line":121,"column":39}},"loc":{"start":{"line":121,"column":46},"end":{"line":151,"column":null}},"line":121},"4":{"name":"generateResponse","decl":{"start":{"line":171,"column":22},"end":{"line":171,"column":38}},"loc":{"start":{"line":171,"column":129},"end":{"line":217,"column":null}},"line":171},"5":{"name":"(anonymous_5)","decl":{"start":{"line":178,"column":45},"end":{"line":178,"column":46}},"loc":{"start":{"line":178,"column":55},"end":{"line":178,"column":89}},"line":178},"6":{"name":"buildFallbackResponse","decl":{"start":{"line":219,"column":9},"end":{"line":219,"column":30}},"loc":{"start":{"line":219,"column":90},"end":{"line":225,"column":null}},"line":219}},"branchMap":{"0":{"loc":{"start":{"line":13,"column":19},"end":{"line":13,"column":72}},"type":"binary-expr","locations":[{"start":{"line":13,"column":19},"end":{"line":13,"column":41}},{"start":{"line":13,"column":45},"end":{"line":13,"column":72}}],"line":13},"1":{"loc":{"start":{"line":14,"column":24},"end":{"line":14,"column":78}},"type":"binary-expr","locations":[{"start":{"line":14,"column":24},"end":{"line":14,"column":51}},{"start":{"line":14,"column":55},"end":{"line":14,"column":78}}],"line":14},"2":{"loc":{"start":{"line":16,"column":0},"end":{"line":20,"column":null}},"type":"if","locations":[{"start":{"line":16,"column":0},"end":{"line":20,"column":null}},{"start":{"line":18,"column":7},"end":{"line":20,"column":null}}],"line":16},"3":{"loc":{"start":{"line":57,"column":2},"end":{"line":57,"column":null}},"type":"if","locations":[{"start":{"line":57,"column":2},"end":{"line":57,"column":null}},{"start":{},"end":{}}],"line":57},"4":{"loc":{"start":{"line":77,"column":4},"end":{"line":79,"column":null}},"type":"if","locations":[{"start":{"line":77,"column":4},"end":{"line":79,"column":null}},{"start":{},"end":{}}],"line":77},"5":{"loc":{"start":{"line":82,"column":16},"end":{"line":82,"column":65}},"type":"binary-expr","locations":[{"start":{"line":82,"column":16},"end":{"line":82,"column":59}},{"start":{"line":82,"column":63},"end":{"line":82,"column":65}}],"line":82},"6":{"loc":{"start":{"line":98,"column":2},"end":{"line":110,"column":null}},"type":"if","locations":[{"start":{"line":98,"column":2},"end":{"line":110,"column":null}},{"start":{"line":100,"column":9},"end":{"line":110,"column":null}}],"line":98},"7":{"loc":{"start":{"line":100,"column":9},"end":{"line":110,"column":null}},"type":"if","locations":[{"start":{"line":100,"column":9},"end":{"line":110,"column":null}},{"start":{"line":102,"column":9},"end":{"line":110,"column":null}}],"line":100},"8":{"loc":{"start":{"line":102,"column":9},"end":{"line":110,"column":null}},"type":"if","locations":[{"start":{"line":102,"column":9},"end":{"line":110,"column":null}},{"start":{"line":104,"column":9},"end":{"line":110,"column":null}}],"line":102},"9":{"loc":{"start":{"line":104,"column":9},"end":{"line":110,"column":null}},"type":"if","locations":[{"start":{"line":104,"column":9},"end":{"line":110,"column":null}},{"start":{"line":106,"column":9},"end":{"line":110,"column":null}}],"line":104},"10":{"loc":{"start":{"line":106,"column":9},"end":{"line":110,"column":null}},"type":"if","locations":[{"start":{"line":106,"column":9},"end":{"line":110,"column":null}},{"start":{"line":108,"column":9},"end":{"line":110,"column":null}}],"line":106},"11":{"loc":{"start":{"line":108,"column":9},"end":{"line":110,"column":null}},"type":"if","locations":[{"start":{"line":108,"column":9},"end":{"line":110,"column":null}},{"start":{},"end":{}}],"line":108},"12":{"loc":{"start":{"line":123,"column":2},"end":{"line":123,"column":null}},"type":"if","locations":[{"start":{"line":123,"column":2},"end":{"line":123,"column":null}},{"start":{},"end":{}}],"line":123},"13":{"loc":{"start":{"line":134,"column":4},"end":{"line":136,"column":null}},"type":"if","locations":[{"start":{"line":134,"column":4},"end":{"line":136,"column":null}},{"start":{},"end":{}}],"line":134},"14":{"loc":{"start":{"line":141,"column":4},"end":{"line":145,"column":null}},"type":"if","locations":[{"start":{"line":141,"column":4},"end":{"line":145,"column":null}},{"start":{},"end":{}}],"line":141},"15":{"loc":{"start":{"line":143,"column":6},"end":{"line":143,"column":null}},"type":"if","locations":[{"start":{"line":143,"column":6},"end":{"line":143,"column":null}},{"start":{},"end":{}}],"line":143},"16":{"loc":{"start":{"line":173,"column":2},"end":{"line":175,"column":null}},"type":"if","locations":[{"start":{"line":173,"column":2},"end":{"line":175,"column":null}},{"start":{},"end":{}}],"line":173},"17":{"loc":{"start":{"line":177,"column":25},"end":{"line":179,"column":40}},"type":"cond-expr","locations":[{"start":{"line":178,"column":6},"end":{"line":178,"column":null}},{"start":{"line":179,"column":6},"end":{"line":179,"column":40}}],"line":177},"18":{"loc":{"start":{"line":178,"column":59},"end":{"line":178,"column":81}},"type":"binary-expr","locations":[{"start":{"line":178,"column":59},"end":{"line":178,"column":72}},{"start":{"line":178,"column":76},"end":{"line":178,"column":81}}],"line":178},"19":{"loc":{"start":{"line":181,"column":22},"end":{"line":185,"column":65}},"type":"binary-expr","locations":[{"start":{"line":181,"column":22},"end":{"line":185,"column":32}},{"start":{"line":185,"column":36},"end":{"line":185,"column":65}}],"line":181},"20":{"loc":{"start":{"line":182,"column":4},"end":{"line":182,"column":67}},"type":"cond-expr","locations":[{"start":{"line":182,"column":20},"end":{"line":182,"column":60}},{"start":{"line":182,"column":63},"end":{"line":182,"column":67}}],"line":182},"21":{"loc":{"start":{"line":183,"column":4},"end":{"line":183,"column":61}},"type":"cond-expr","locations":[{"start":{"line":183,"column":18},"end":{"line":183,"column":54}},{"start":{"line":183,"column":57},"end":{"line":183,"column":61}}],"line":183},"22":{"loc":{"start":{"line":184,"column":4},"end":{"line":184,"column":70}},"type":"cond-expr","locations":[{"start":{"line":184,"column":21},"end":{"line":184,"column":63}},{"start":{"line":184,"column":66},"end":{"line":184,"column":70}}],"line":184},"23":{"loc":{"start":{"line":207,"column":4},"end":{"line":209,"column":null}},"type":"if","locations":[{"start":{"line":207,"column":4},"end":{"line":209,"column":null}},{"start":{},"end":{}}],"line":207},"24":{"loc":{"start":{"line":212,"column":11},"end":{"line":212,"column":120}},"type":"binary-expr","locations":[{"start":{"line":212,"column":11},"end":{"line":212,"column":54}},{"start":{"line":212,"column":58},"end":{"line":212,"column":120}}],"line":212},"25":{"loc":{"start":{"line":220,"column":2},"end":{"line":220,"column":null}},"type":"if","locations":[{"start":{"line":220,"column":2},"end":{"line":220,"column":null}},{"start":{},"end":{}}],"line":220},"26":{"loc":{"start":{"line":221,"column":2},"end":{"line":221,"column":null}},"type":"if","locations":[{"start":{"line":221,"column":2},"end":{"line":221,"column":null}},{"start":{},"end":{}}],"line":221},"27":{"loc":{"start":{"line":222,"column":2},"end":{"line":222,"column":null}},"type":"if","locations":[{"start":{"line":222,"column":2},"end":{"line":222,"column":null}},{"start":{},"end":{}}],"line":222},"28":{"loc":{"start":{"line":223,"column":2},"end":{"line":223,"column":null}},"type":"if","locations":[{"start":{"line":223,"column":2},"end":{"line":223,"column":null}},{"start":{},"end":{}}],"line":223}},"s":{"0":3,"1":18,"2":3,"3":3,"4":3,"5":3,"6":0,"7":3,"8":9,"9":9,"10":7,"11":2,"12":2,"13":2,"14":0,"15":2,"16":2,"17":9,"18":9,"19":0,"20":0,"21":7,"22":7,"23":7,"24":7,"25":2,"26":2,"27":5,"28":1,"29":1,"30":4,"31":1,"32":1,"33":3,"34":1,"35":1,"36":1,"37":2,"38":1,"39":1,"40":1,"41":7,"42":2,"43":2,"44":0,"45":2,"46":2,"47":2,"48":1,"49":1,"50":1,"51":1,"52":1,"53":0,"54":0,"55":1,"56":1,"57":3,"58":7,"59":7,"60":5,"61":2,"62":1,"63":7,"64":7,"65":7,"66":7,"67":2,"68":0,"69":2,"70":2,"71":0,"72":0,"73":5,"74":1,"75":4,"76":1,"77":3,"78":1,"79":2,"80":1,"81":1},"f":{"0":18,"1":9,"2":7,"3":2,"4":7,"5":1,"6":5},"b":{"0":[3,3],"1":[3,3],"2":[3,0],"3":[7,2],"4":[0,2],"5":[2,0],"6":[2,5],"7":[1,4],"8":[1,3],"9":[1,2],"10":[1,1],"11":[1,0],"12":[0,2],"13":[1,1],"14":[1,0],"15":[1,0],"16":[5,2],"17":[1,1],"18":[1,0],"19":[7,1],"20":[1,1],"21":[0,2],"22":[0,2],"23":[0,2],"24":[2,0],"25":[1,4],"26":[1,3],"27":[1,2],"28":[1,1]},"meta":{"lastBranch":29,"lastFunction":7,"lastStatement":82,"seen":{"s:12:19:12:45":0,"f:12:19:12:20":0,"s:12:25:12:45":1,"s:13:19:13:72":2,"b:13:19:13:41:13:45:13:72":0,"s:14:24:14:78":3,"b:14:24:14:51:14:55:14:78":1,"b:16:0:20:Infinity:18:7:20:Infinity":2,"s:16:0:20:Infinity":4,"s:17:2:17:Infinity":5,"s:19:2:19:Infinity":6,"s:24:22:50:2":7,"f:55:22:55:36":1,"s:56:16:56:28":8,"b:57:2:57:Infinity:undefined:undefined:undefined:undefined":3,"s:57:2:57:Infinity":9,"s:57:14:57:Infinity":10,"s:59:2:90:Infinity":11,"s:60:21:75:6":12,"b:77:4:79:Infinity:undefined:undefined:undefined:undefined":4,"s:77:4:79:Infinity":13,"s:78:6:78:Infinity":14,"s:81:17:81:38":15,"s:82:16:82:65":16,"b:82:16:82:59:82:63:82:65":5,"s:85:20:85:82":17,"s:86:4:86:Infinity":18,"s:88:4:88:Infinity":19,"s:89:4:89:Infinity":20,"f:93:9:93:28":2,"s:94:16:94:37":21,"s:95:15:95:20":22,"s:96:20:96:27":23,"b:98:2:110:Infinity:100:9:110:Infinity":6,"s:98:2:110:Infinity":24,"s:99:4:99:26":25,"s:99:27:99:Infinity":26,"b:100:9:110:Infinity:102:9:110:Infinity":7,"s:100:9:110:Infinity":27,"s:101:4:101:31":28,"s:101:32:101:Infinity":29,"b:102:9:110:Infinity:104:9:110:Infinity":8,"s:102:9:110:Infinity":30,"s:103:4:103:29":31,"s:103:30:103:Infinity":32,"b:104:9:110:Infinity:106:9:110:Infinity":9,"s:104:9:110:Infinity":33,"s:105:4:105:28":34,"s:105:29:105:50":35,"s:105:51:105:Infinity":36,"b:106:9:110:Infinity:108:9:110:Infinity":10,"s:106:9:110:Infinity":37,"s:107:4:107:Infinity":38,"b:108:9:110:Infinity:undefined:undefined:undefined:undefined":11,"s:108:9:110:Infinity":39,"s:109:4:109:Infinity":40,"s:112:2:112:Infinity":41,"f:121:22:121:39":3,"s:122:16:122:28":42,"b:123:2:123:Infinity:undefined:undefined:undefined:undefined":12,"s:123:2:123:Infinity":43,"s:123:14:123:Infinity":44,"s:124:2:150:Infinity":45,"s:125:21:132:6":46,"b:134:4:136:Infinity:undefined:undefined:undefined:undefined":13,"s:134:4:136:Infinity":47,"s:135:6:135:Infinity":48,"s:138:17:138:38":49,"b:141:4:145:Infinity:undefined:undefined:undefined:undefined":14,"s:141:4:145:Infinity":50,"b:143:6:143:Infinity:undefined:undefined:undefined:undefined":15,"s:143:6:143:Infinity":51,"s:143:34:143:Infinity":52,"s:144:6:144:Infinity":53,"s:146:4:146:Infinity":54,"s:148:4:148:Infinity":55,"s:149:4:149:Infinity":56,"s:155:22:166:84":57,"f:171:22:171:38":4,"s:172:16:172:28":58,"b:173:2:175:Infinity:undefined:undefined:undefined:undefined":16,"s:173:2:175:Infinity":59,"s:174:4:174:Infinity":60,"s:177:25:179:40":61,"b:178:6:178:Infinity:179:6:179:40":17,"f:178:45:178:46":5,"s:178:55:178:89":62,"b:178:59:178:72:178:76:178:81":18,"s:181:22:185:65":63,"b:181:22:185:32:185:36:185:65":19,"b:182:20:182:60:182:63:182:67":20,"b:183:18:183:54:183:57:183:61":21,"b:184:21:184:63:184:66:184:70":22,"s:187:21:187:103":64,"s:189:2:216:Infinity":65,"s:190:21:205:6":66,"b:207:4:209:Infinity:undefined:undefined:undefined:undefined":23,"s:207:4:209:Infinity":67,"s:208:6:208:Infinity":68,"s:211:17:211:38":69,"s:212:4:212:Infinity":70,"b:212:11:212:54:212:58:212:120":24,"s:214:4:214:Infinity":71,"s:215:4:215:Infinity":72,"f:219:9:219:30":6,"b:220:2:220:Infinity:undefined:undefined:undefined:undefined":25,"s:220:2:220:Infinity":73,"s:220:21:220:Infinity":74,"b:221:2:221:Infinity:undefined:undefined:undefined:undefined":26,"s:221:2:221:Infinity":75,"s:221:22:221:Infinity":76,"b:222:2:222:Infinity:undefined:undefined:undefined:undefined":27,"s:222:2:222:Infinity":77,"s:222:19:222:Infinity":78,"b:223:2:223:Infinity:undefined:undefined:undefined:undefined":28,"s:223:2:223:Infinity":79,"s:223:28:223:Infinity":80,"s:224:2:224:Infinity":81},"fnNames":{}}}
,"D:\\PROJECTS\\challenge4\\backend\\services\\routingService.ts": {"path":"D:\\PROJECTS\\challenge4\\backend\\services\\routingService.ts","statementMap":{"0":{"start":{"line":49,"column":15},"end":{"line":49,"column":null}},"1":{"start":{"line":50,"column":15},"end":{"line":50,"column":null}},"2":{"start":{"line":51,"column":2},"end":{"line":53,"column":null}},"3":{"start":{"line":52,"column":4},"end":{"line":52,"column":null}},"4":{"start":{"line":54,"column":2},"end":{"line":56,"column":null}},"5":{"start":{"line":55,"column":4},"end":{"line":55,"column":null}},"6":{"start":{"line":57,"column":2},"end":{"line":57,"column":null}},"7":{"start":{"line":68,"column":2},"end":{"line":68,"column":null}},"8":{"start":{"line":68,"column":20},"end":{"line":68,"column":null}},"9":{"start":{"line":69,"column":2},"end":{"line":69,"column":null}},"10":{"start":{"line":69,"column":20},"end":{"line":69,"column":null}},"11":{"start":{"line":70,"column":2},"end":{"line":70,"column":null}},"12":{"start":{"line":70,"column":20},"end":{"line":70,"column":null}},"13":{"start":{"line":71,"column":2},"end":{"line":71,"column":null}},"14":{"start":{"line":85,"column":18},"end":{"line":85,"column":null}},"15":{"start":{"line":86,"column":2},"end":{"line":86,"column":null}},"16":{"start":{"line":86,"column":21},"end":{"line":86,"column":41}},"17":{"start":{"line":88,"column":2},"end":{"line":90,"column":null}},"18":{"start":{"line":89,"column":4},"end":{"line":89,"column":null}},"19":{"start":{"line":93,"column":14},"end":{"line":93,"column":null}},"20":{"start":{"line":94,"column":2},"end":{"line":94,"column":null}},"21":{"start":{"line":94,"column":21},"end":{"line":94,"column":38}},"22":{"start":{"line":96,"column":2},"end":{"line":115,"column":null}},"23":{"start":{"line":98,"column":4},"end":{"line":102,"column":null}},"24":{"start":{"line":99,"column":6},"end":{"line":101,"column":null}},"25":{"start":{"line":100,"column":8},"end":{"line":100,"column":null}},"26":{"start":{"line":105,"column":4},"end":{"line":107,"column":null}},"27":{"start":{"line":106,"column":6},"end":{"line":106,"column":null}},"28":{"start":{"line":109,"column":4},"end":{"line":111,"column":null}},"29":{"start":{"line":110,"column":6},"end":{"line":110,"column":null}},"30":{"start":{"line":112,"column":4},"end":{"line":114,"column":null}},"31":{"start":{"line":113,"column":6},"end":{"line":113,"column":null}},"32":{"start":{"line":117,"column":20},"end":{"line":117,"column":null}},"33":{"start":{"line":118,"column":16},"end":{"line":118,"column":null}},"34":{"start":{"line":119,"column":19},"end":{"line":119,"column":null}},"35":{"start":{"line":120,"column":18},"end":{"line":120,"column":null}},"36":{"start":{"line":122,"column":2},"end":{"line":126,"column":null}},"37":{"start":{"line":123,"column":4},"end":{"line":123,"column":null}},"38":{"start":{"line":124,"column":4},"end":{"line":124,"column":null}},"39":{"start":{"line":125,"column":4},"end":{"line":125,"column":null}},"40":{"start":{"line":128,"column":2},"end":{"line":128,"column":null}},"41":{"start":{"line":129,"column":2},"end":{"line":129,"column":null}},"42":{"start":{"line":131,"column":22},"end":{"line":131,"column":null}},"43":{"start":{"line":133,"column":2},"end":{"line":184,"column":null}},"44":{"start":{"line":135,"column":27},"end":{"line":135,"column":null}},"45":{"start":{"line":136,"column":22},"end":{"line":136,"column":null}},"46":{"start":{"line":138,"column":4},"end":{"line":146,"column":null}},"47":{"start":{"line":139,"column":6},"end":{"line":145,"column":null}},"48":{"start":{"line":140,"column":18},"end":{"line":140,"column":null}},"49":{"start":{"line":141,"column":8},"end":{"line":144,"column":null}},"50":{"start":{"line":142,"column":10},"end":{"line":142,"column":null}},"51":{"start":{"line":143,"column":10},"end":{"line":143,"column":null}},"52":{"start":{"line":148,"column":4},"end":{"line":150,"column":null}},"53":{"start":{"line":149,"column":6},"end":{"line":149,"column":null}},"54":{"start":{"line":152,"column":4},"end":{"line":154,"column":null}},"55":{"start":{"line":153,"column":6},"end":{"line":153,"column":null}},"56":{"start":{"line":156,"column":4},"end":{"line":156,"column":null}},"57":{"start":{"line":158,"column":22},"end":{"line":158,"column":null}},"58":{"start":{"line":159,"column":4},"end":{"line":183,"column":null}},"59":{"start":{"line":160,"column":16},"end":{"line":160,"column":null}},"60":{"start":{"line":161,"column":6},"end":{"line":161,"column":null}},"61":{"start":{"line":161,"column":26},"end":{"line":161,"column":null}},"62":{"start":{"line":163,"column":19},"end":{"line":163,"column":null}},"63":{"start":{"line":164,"column":22},"end":{"line":164,"column":null}},"64":{"start":{"line":165,"column":19},"end":{"line":165,"column":null}},"65":{"start":{"line":167,"column":6},"end":{"line":169,"column":null}},"66":{"start":{"line":168,"column":8},"end":{"line":168,"column":null}},"67":{"start":{"line":172,"column":19},"end":{"line":172,"column":null}},"68":{"start":{"line":173,"column":28},"end":{"line":173,"column":null}},"69":{"start":{"line":175,"column":22},"end":{"line":175,"column":null}},"70":{"start":{"line":177,"column":6},"end":{"line":182,"column":null}},"71":{"start":{"line":178,"column":8},"end":{"line":178,"column":null}},"72":{"start":{"line":180,"column":8},"end":{"line":180,"column":null}},"73":{"start":{"line":181,"column":8},"end":{"line":181,"column":null}},"74":{"start":{"line":186,"column":2},"end":{"line":188,"column":null}},"75":{"start":{"line":187,"column":4},"end":{"line":187,"column":null}},"76":{"start":{"line":191,"column":23},"end":{"line":191,"column":null}},"77":{"start":{"line":192,"column":29},"end":{"line":192,"column":null}},"78":{"start":{"line":193,"column":28},"end":{"line":193,"column":null}},"79":{"start":{"line":195,"column":2},"end":{"line":207,"column":null}},"80":{"start":{"line":196,"column":17},"end":{"line":196,"column":null}},"81":{"start":{"line":197,"column":4},"end":{"line":199,"column":null}},"82":{"start":{"line":198,"column":6},"end":{"line":198,"column":null}},"83":{"start":{"line":200,"column":21},"end":{"line":200,"column":null}},"84":{"start":{"line":201,"column":4},"end":{"line":206,"column":null}},"85":{"start":{"line":202,"column":6},"end":{"line":202,"column":null}},"86":{"start":{"line":203,"column":6},"end":{"line":203,"column":null}},"87":{"start":{"line":205,"column":6},"end":{"line":205,"column":null}},"88":{"start":{"line":210,"column":22},"end":{"line":210,"column":null}},"89":{"start":{"line":211,"column":18},"end":{"line":211,"column":null}},"90":{"start":{"line":212,"column":2},"end":{"line":217,"column":null}},"91":{"start":{"line":213,"column":4},"end":{"line":213,"column":null}},"92":{"start":{"line":214,"column":20},"end":{"line":214,"column":null}},"93":{"start":{"line":215,"column":17},"end":{"line":215,"column":null}},"94":{"start":{"line":216,"column":4},"end":{"line":216,"column":null}},"95":{"start":{"line":219,"column":2},"end":{"line":225,"column":null}}},"fnMap":{"0":{"name":"getEdgeDensity","decl":{"start":{"line":48,"column":16},"end":{"line":48,"column":31}},"loc":{"start":{"line":48,"column":87},"end":{"line":58,"column":null}},"line":48},"1":{"name":"getCrowdMultiplier","decl":{"start":{"line":67,"column":16},"end":{"line":67,"column":35}},"loc":{"start":{"line":67,"column":60},"end":{"line":72,"column":null}},"line":67},"2":{"name":"findRoute","decl":{"start":{"line":77,"column":16},"end":{"line":77,"column":null}},"loc":{"start":{"line":84,"column":22},"end":{"line":226,"column":null}},"line":84},"3":{"name":"(anonymous_3)","decl":{"start":{"line":86,"column":8},"end":{"line":86,"column":16}},"loc":{"start":{"line":86,"column":21},"end":{"line":86,"column":41}},"line":86},"4":{"name":"(anonymous_4)","decl":{"start":{"line":94,"column":8},"end":{"line":94,"column":16}},"loc":{"start":{"line":94,"column":21},"end":{"line":94,"column":38}},"line":94},"5":{"name":"(anonymous_5)","decl":{"start":{"line":96,"column":8},"end":{"line":96,"column":16}},"loc":{"start":{"line":96,"column":24},"end":{"line":115,"column":3}},"line":96},"6":{"name":"(anonymous_6)","decl":{"start":{"line":122,"column":8},"end":{"line":122,"column":16}},"loc":{"start":{"line":122,"column":21},"end":{"line":126,"column":3}},"line":122},"7":{"name":"(anonymous_7)","decl":{"start":{"line":138,"column":10},"end":{"line":138,"column":18}},"loc":{"start":{"line":138,"column":23},"end":{"line":146,"column":5}},"line":138},"8":{"name":"(anonymous_8)","decl":{"start":{"line":212,"column":13},"end":{"line":212,"column":21}},"loc":{"start":{"line":212,"column":26},"end":{"line":217,"column":3}},"line":212}},"branchMap":{"0":{"loc":{"start":{"line":51,"column":2},"end":{"line":53,"column":null}},"type":"if","locations":[{"start":{"line":51,"column":2},"end":{"line":53,"column":null}},{"start":{},"end":{}}],"line":51},"1":{"loc":{"start":{"line":54,"column":2},"end":{"line":56,"column":null}},"type":"if","locations":[{"start":{"line":54,"column":2},"end":{"line":56,"column":null}},{"start":{},"end":{}}],"line":54},"2":{"loc":{"start":{"line":68,"column":2},"end":{"line":68,"column":null}},"type":"if","locations":[{"start":{"line":68,"column":2},"end":{"line":68,"column":null}},{"start":{},"end":{}}],"line":68},"3":{"loc":{"start":{"line":69,"column":2},"end":{"line":69,"column":null}},"type":"if","locations":[{"start":{"line":69,"column":2},"end":{"line":69,"column":null}},{"start":{},"end":{}}],"line":69},"4":{"loc":{"start":{"line":70,"column":2},"end":{"line":70,"column":null}},"type":"if","locations":[{"start":{"line":70,"column":2},"end":{"line":70,"column":null}},{"start":{},"end":{}}],"line":70},"5":{"loc":{"start":{"line":88,"column":2},"end":{"line":90,"column":null}},"type":"if","locations":[{"start":{"line":88,"column":2},"end":{"line":90,"column":null}},{"start":{},"end":{}}],"line":88},"6":{"loc":{"start":{"line":88,"column":6},"end":{"line":88,"column":52}},"type":"binary-expr","locations":[{"start":{"line":88,"column":6},"end":{"line":88,"column":31}},{"start":{"line":88,"column":31},"end":{"line":88,"column":52}}],"line":88},"7":{"loc":{"start":{"line":98,"column":4},"end":{"line":102,"column":null}},"type":"if","locations":[{"start":{"line":98,"column":4},"end":{"line":102,"column":null}},{"start":{},"end":{}}],"line":98},"8":{"loc":{"start":{"line":99,"column":6},"end":{"line":101,"column":null}},"type":"if","locations":[{"start":{"line":99,"column":6},"end":{"line":101,"column":null}},{"start":{},"end":{}}],"line":99},"9":{"loc":{"start":{"line":99,"column":10},"end":{"line":99,"column":43}},"type":"binary-expr","locations":[{"start":{"line":99,"column":10},"end":{"line":99,"column":25}},{"start":{"line":99,"column":25},"end":{"line":99,"column":43}}],"line":99},"10":{"loc":{"start":{"line":105,"column":4},"end":{"line":107,"column":null}},"type":"if","locations":[{"start":{"line":105,"column":4},"end":{"line":107,"column":null}},{"start":{},"end":{}}],"line":105},"11":{"loc":{"start":{"line":109,"column":4},"end":{"line":111,"column":null}},"type":"if","locations":[{"start":{"line":109,"column":4},"end":{"line":111,"column":null}},{"start":{},"end":{}}],"line":109},"12":{"loc":{"start":{"line":112,"column":4},"end":{"line":114,"column":null}},"type":"if","locations":[{"start":{"line":112,"column":4},"end":{"line":114,"column":null}},{"start":{},"end":{}}],"line":112},"13":{"loc":{"start":{"line":139,"column":6},"end":{"line":145,"column":null}},"type":"if","locations":[{"start":{"line":139,"column":6},"end":{"line":145,"column":null}},{"start":{},"end":{}}],"line":139},"14":{"loc":{"start":{"line":141,"column":8},"end":{"line":144,"column":null}},"type":"if","locations":[{"start":{"line":141,"column":8},"end":{"line":144,"column":null}},{"start":{},"end":{}}],"line":141},"15":{"loc":{"start":{"line":148,"column":4},"end":{"line":150,"column":null}},"type":"if","locations":[{"start":{"line":148,"column":4},"end":{"line":150,"column":null}},{"start":{},"end":{}}],"line":148},"16":{"loc":{"start":{"line":148,"column":8},"end":{"line":148,"column":48}},"type":"binary-expr","locations":[{"start":{"line":148,"column":8},"end":{"line":148,"column":22}},{"start":{"line":148,"column":22},"end":{"line":148,"column":48}}],"line":148},"17":{"loc":{"start":{"line":152,"column":4},"end":{"line":154,"column":null}},"type":"if","locations":[{"start":{"line":152,"column":4},"end":{"line":154,"column":null}},{"start":{},"end":{}}],"line":152},"18":{"loc":{"start":{"line":158,"column":22},"end":{"line":158,"column":null}},"type":"binary-expr","locations":[{"start":{"line":158,"column":22},"end":{"line":158,"column":36}},{"start":{"line":158,"column":36},"end":{"line":158,"column":null}}],"line":158},"19":{"loc":{"start":{"line":161,"column":6},"end":{"line":161,"column":null}},"type":"if","locations":[{"start":{"line":161,"column":6},"end":{"line":161,"column":null}},{"start":{},"end":{}}],"line":161},"20":{"loc":{"start":{"line":167,"column":6},"end":{"line":169,"column":null}},"type":"if","locations":[{"start":{"line":167,"column":6},"end":{"line":169,"column":null}},{"start":{},"end":{}}],"line":167},"21":{"loc":{"start":{"line":177,"column":6},"end":{"line":182,"column":null}},"type":"if","locations":[{"start":{"line":177,"column":6},"end":{"line":182,"column":null}},{"start":{},"end":{}}],"line":177},"22":{"loc":{"start":{"line":186,"column":2},"end":{"line":188,"column":null}},"type":"if","locations":[{"start":{"line":186,"column":2},"end":{"line":188,"column":null}},{"start":{},"end":{}}],"line":186},"23":{"loc":{"start":{"line":197,"column":4},"end":{"line":199,"column":null}},"type":"if","locations":[{"start":{"line":197,"column":4},"end":{"line":199,"column":null}},{"start":{},"end":{}}],"line":197},"24":{"loc":{"start":{"line":201,"column":4},"end":{"line":206,"column":null}},"type":"if","locations":[{"start":{"line":201,"column":4},"end":{"line":206,"column":null}},{"start":{"line":204,"column":11},"end":{"line":206,"column":null}}],"line":201}},"s":{"0":38,"1":38,"2":38,"3":10,"4":28,"5":0,"6":28,"7":42,"8":36,"9":6,"10":1,"11":5,"12":1,"13":4,"14":14,"15":14,"16":48,"17":14,"18":1,"19":13,"20":13,"21":46,"22":13,"23":30,"24":5,"25":1,"26":29,"27":0,"28":29,"29":29,"30":29,"31":29,"32":13,"33":13,"34":13,"35":13,"36":13,"37":46,"38":46,"39":46,"40":13,"41":13,"42":13,"43":13,"44":35,"45":35,"46":35,"47":128,"48":94,"49":94,"50":38,"51":38,"52":35,"53":3,"54":32,"55":10,"56":22,"57":22,"58":35,"59":34,"60":34,"61":10,"62":24,"63":24,"64":24,"65":24,"66":2,"67":24,"68":24,"69":24,"70":24,"71":22,"72":22,"73":22,"74":13,"75":3,"76":10,"77":10,"78":10,"79":10,"80":24,"81":24,"82":24,"83":24,"84":24,"85":14,"86":14,"87":10,"88":10,"89":10,"90":10,"91":14,"92":14,"93":14,"94":14,"95":10},"f":{"0":38,"1":42,"2":14,"3":48,"4":46,"5":30,"6":46,"7":128,"8":14},"b":{"0":[10,28],"1":[0,28],"2":[36,6],"3":[1,5],"4":[1,4],"5":[1,13],"6":[14,14],"7":[5,25],"8":[1,4],"9":[5,4],"10":[0,29],"11":[29,0],"12":[29,0],"13":[94,34],"14":[38,56],"15":[3,32],"16":[35,32],"17":[10,22],"18":[22,0],"19":[10,24],"20":[2,22],"21":[22,2],"22":[3,10],"23":[24,0],"24":[14,10]},"meta":{"lastBranch":25,"lastFunction":9,"lastStatement":96,"seen":{"f:48:16:48:31":0,"s:49:15:49:Infinity":0,"s:50:15:50:Infinity":1,"b:51:2:53:Infinity:undefined:undefined:undefined:undefined":0,"s:51:2:53:Infinity":2,"s:52:4:52:Infinity":3,"b:54:2:56:Infinity:undefined:undefined:undefined:undefined":1,"s:54:2:56:Infinity":4,"s:55:4:55:Infinity":5,"s:57:2:57:Infinity":6,"f:67:16:67:35":1,"b:68:2:68:Infinity:undefined:undefined:undefined:undefined":2,"s:68:2:68:Infinity":7,"s:68:20:68:Infinity":8,"b:69:2:69:Infinity:undefined:undefined:undefined:undefined":3,"s:69:2:69:Infinity":9,"s:69:20:69:Infinity":10,"b:70:2:70:Infinity:undefined:undefined:undefined:undefined":4,"s:70:2:70:Infinity":11,"s:70:20:70:Infinity":12,"s:71:2:71:Infinity":13,"f:77:16:77:Infinity":2,"s:85:18:85:Infinity":14,"s:86:2:86:Infinity":15,"f:86:8:86:16":3,"s:86:21:86:41":16,"b:88:2:90:Infinity:undefined:undefined:undefined:undefined":5,"s:88:2:90:Infinity":17,"b:88:6:88:31:88:31:88:52":6,"s:89:4:89:Infinity":18,"s:93:14:93:Infinity":19,"s:94:2:94:Infinity":20,"f:94:8:94:16":4,"s:94:21:94:38":21,"s:96:2:115:Infinity":22,"f:96:8:96:16":5,"b:98:4:102:Infinity:undefined:undefined:undefined:undefined":7,"s:98:4:102:Infinity":23,"b:99:6:101:Infinity:undefined:undefined:undefined:undefined":8,"s:99:6:101:Infinity":24,"b:99:10:99:25:99:25:99:43":9,"s:100:8:100:Infinity":25,"b:105:4:107:Infinity:undefined:undefined:undefined:undefined":10,"s:105:4:107:Infinity":26,"s:106:6:106:Infinity":27,"b:109:4:111:Infinity:undefined:undefined:undefined:undefined":11,"s:109:4:111:Infinity":28,"s:110:6:110:Infinity":29,"b:112:4:114:Infinity:undefined:undefined:undefined:undefined":12,"s:112:4:114:Infinity":30,"s:113:6:113:Infinity":31,"s:117:20:117:Infinity":32,"s:118:16:118:Infinity":33,"s:119:19:119:Infinity":34,"s:120:18:120:Infinity":35,"s:122:2:126:Infinity":36,"f:122:8:122:16":6,"s:123:4:123:Infinity":37,"s:124:4:124:Infinity":38,"s:125:4:125:Infinity":39,"s:128:2:128:Infinity":40,"s:129:2:129:Infinity":41,"s:131:22:131:Infinity":42,"s:133:2:184:Infinity":43,"s:135:27:135:Infinity":44,"s:136:22:136:Infinity":45,"s:138:4:146:Infinity":46,"f:138:10:138:18":7,"b:139:6:145:Infinity:undefined:undefined:undefined:undefined":13,"s:139:6:145:Infinity":47,"s:140:18:140:Infinity":48,"b:141:8:144:Infinity:undefined:undefined:undefined:undefined":14,"s:141:8:144:Infinity":49,"s:142:10:142:Infinity":50,"s:143:10:143:Infinity":51,"b:148:4:150:Infinity:undefined:undefined:undefined:undefined":15,"s:148:4:150:Infinity":52,"b:148:8:148:22:148:22:148:48":16,"s:149:6:149:Infinity":53,"b:152:4:154:Infinity:undefined:undefined:undefined:undefined":17,"s:152:4:154:Infinity":54,"s:153:6:153:Infinity":55,"s:156:4:156:Infinity":56,"s:158:22:158:Infinity":57,"b:158:22:158:36:158:36:158:Infinity":18,"s:159:4:183:Infinity":58,"s:160:16:160:Infinity":59,"b:161:6:161:Infinity:undefined:undefined:undefined:undefined":19,"s:161:6:161:Infinity":60,"s:161:26:161:Infinity":61,"s:163:19:163:Infinity":62,"s:164:22:164:Infinity":63,"s:165:19:165:Infinity":64,"b:167:6:169:Infinity:undefined:undefined:undefined:undefined":20,"s:167:6:169:Infinity":65,"s:168:8:168:Infinity":66,"s:172:19:172:Infinity":67,"s:173:28:173:Infinity":68,"s:175:22:175:Infinity":69,"b:177:6:182:Infinity:undefined:undefined:undefined:undefined":21,"s:177:6:182:Infinity":70,"s:178:8:178:Infinity":71,"s:180:8:180:Infinity":72,"s:181:8:181:Infinity":73,"b:186:2:188:Infinity:undefined:undefined:undefined:undefined":22,"s:186:2:188:Infinity":74,"s:187:4:187:Infinity":75,"s:191:23:191:Infinity":76,"s:192:29:192:Infinity":77,"s:193:28:193:Infinity":78,"s:195:2:207:Infinity":79,"s:196:17:196:Infinity":80,"b:197:4:199:Infinity:undefined:undefined:undefined:undefined":23,"s:197:4:199:Infinity":81,"s:198:6:198:Infinity":82,"s:200:21:200:Infinity":83,"b:201:4:206:Infinity:204:11:206:Infinity":24,"s:201:4:206:Infinity":84,"s:202:6:202:Infinity":85,"s:203:6:203:Infinity":86,"s:205:6:205:Infinity":87,"s:210:22:210:Infinity":88,"s:211:18:211:Infinity":89,"s:212:2:217:Infinity":90,"f:212:13:212:21":8,"s:213:4:213:Infinity":91,"s:214:20:214:Infinity":92,"s:215:17:215:Infinity":93,"s:216:4:216:Infinity":94,"s:219:2:225:Infinity":95},"fnNames":{}}}
,"D:\\PROJECTS\\challenge4\\backend\\services\\sseService.js": {"path":"D:\\PROJECTS\\challenge4\\backend\\services\\sseService.js","statementMap":{"0":{"start":{"line":1,"column":17},"end":{"line":1,"column":19}},"1":{"start":{"line":4,"column":2},"end":{"line":4,"column":null}},"2":{"start":{"line":5,"column":2},"end":{"line":7,"column":null}},"3":{"start":{"line":6,"column":4},"end":{"line":6,"column":null}},"4":{"start":{"line":6,"column":40},"end":{"line":6,"column":49}},"5":{"start":{"line":11,"column":18},"end":{"line":11,"column":53}},"6":{"start":{"line":12,"column":2},"end":{"line":12,"column":null}},"7":{"start":{"line":12,"column":31},"end":{"line":12,"column":52}}},"fnMap":{"0":{"name":"addClient","decl":{"start":{"line":3,"column":16},"end":{"line":3,"column":25}},"loc":{"start":{"line":3,"column":31},"end":{"line":8,"column":null}},"line":3},"1":{"name":"(anonymous_1)","decl":{"start":{"line":5,"column":18},"end":{"line":5,"column":19}},"loc":{"start":{"line":5,"column":24},"end":{"line":7,"column":3}},"line":5},"2":{"name":"(anonymous_2)","decl":{"start":{"line":6,"column":35},"end":{"line":6,"column":36}},"loc":{"start":{"line":6,"column":40},"end":{"line":6,"column":49}},"line":6},"3":{"name":"broadcastToSSE","decl":{"start":{"line":10,"column":16},"end":{"line":10,"column":30}},"loc":{"start":{"line":10,"column":37},"end":{"line":13,"column":null}},"line":10},"4":{"name":"(anonymous_4)","decl":{"start":{"line":12,"column":21},"end":{"line":12,"column":27}},"loc":{"start":{"line":12,"column":31},"end":{"line":12,"column":52}},"line":12}},"branchMap":{},"s":{"0":1,"1":2,"2":2,"3":1,"4":2,"5":2,"6":2,"7":3},"f":{"0":2,"1":1,"2":2,"3":2,"4":3},"b":{},"meta":{"lastBranch":0,"lastFunction":5,"lastStatement":8,"seen":{"s:1:17:1:19":0,"f:3:16:3:25":0,"s:4:2:4:Infinity":1,"s:5:2:7:Infinity":2,"f:5:18:5:19":1,"s:6:4:6:Infinity":3,"f:6:35:6:36":2,"s:6:40:6:49":4,"f:10:16:10:30":3,"s:11:18:11:53":5,"s:12:2:12:Infinity":6,"f:12:21:12:27":4,"s:12:31:12:52":7},"fnNames":{}}}
,"D:\\PROJECTS\\challenge4\\backend\\services\\stadiumDataService.js": {"path":"D:\\PROJECTS\\challenge4\\backend\\services\\stadiumDataService.js","statementMap":{"0":{"start":{"line":6,"column":19},"end":{"line":6,"column":88}},"1":{"start":{"line":6,"column":26},"end":{"line":6,"column":87}},"2":{"start":{"line":9,"column":17},"end":{"line":9,"column":56}},"3":{"start":{"line":10,"column":2},"end":{"line":16,"column":null}},"4":{"start":{"line":20,"column":17},"end":{"line":20,"column":56}},"5":{"start":{"line":21,"column":2},"end":{"line":29,"column":null}},"6":{"start":{"line":33,"column":2},"end":{"line":33,"column":null}},"7":{"start":{"line":33,"column":14},"end":{"line":33,"column":null}},"8":{"start":{"line":34,"column":17},"end":{"line":34,"column":59}},"9":{"start":{"line":35,"column":2},"end":{"line":39,"column":null}},"10":{"start":{"line":43,"column":41},"end":{"line":48,"column":4}},"11":{"start":{"line":50,"column":2},"end":{"line":55,"column":null}},"12":{"start":{"line":52,"column":51},"end":{"line":52,"column":67}},"13":{"start":{"line":53,"column":51},"end":{"line":53,"column":80}},"14":{"start":{"line":59,"column":34},"end":{"line":59,"column":52}},"15":{"start":{"line":60,"column":2},"end":{"line":60,"column":null}}},"fnMap":{"0":{"name":"(anonymous_0)","decl":{"start":{"line":6,"column":19},"end":{"line":6,"column":20}},"loc":{"start":{"line":6,"column":26},"end":{"line":6,"column":87}},"line":6},"1":{"name":"normalizeNode","decl":{"start":{"line":8,"column":16},"end":{"line":8,"column":29}},"loc":{"start":{"line":8,"column":36},"end":{"line":17,"column":null}},"line":8},"2":{"name":"normalizeEdge","decl":{"start":{"line":19,"column":16},"end":{"line":19,"column":29}},"loc":{"start":{"line":19,"column":36},"end":{"line":30,"column":null}},"line":19},"3":{"name":"normalizeCrowd","decl":{"start":{"line":32,"column":16},"end":{"line":32,"column":30}},"loc":{"start":{"line":32,"column":38},"end":{"line":40,"column":null}},"line":32},"4":{"name":"getMapData","decl":{"start":{"line":42,"column":22},"end":{"line":42,"column":32}},"loc":{"start":{"line":42,"column":35},"end":{"line":56,"column":null}},"line":42},"5":{"name":"(anonymous_5)","decl":{"start":{"line":52,"column":43},"end":{"line":52,"column":47}},"loc":{"start":{"line":52,"column":51},"end":{"line":52,"column":67}},"line":52},"6":{"name":"(anonymous_6)","decl":{"start":{"line":53,"column":43},"end":{"line":53,"column":47}},"loc":{"start":{"line":53,"column":51},"end":{"line":53,"column":80}},"line":53},"7":{"name":"getNavigationData","decl":{"start":{"line":58,"column":22},"end":{"line":58,"column":39}},"loc":{"start":{"line":58,"column":42},"end":{"line":61,"column":null}},"line":58}},"branchMap":{"0":{"loc":{"start":{"line":9,"column":17},"end":{"line":9,"column":56}},"type":"cond-expr","locations":[{"start":{"line":9,"column":34},"end":{"line":9,"column":49}},{"start":{"line":9,"column":52},"end":{"line":9,"column":56}}],"line":9},"1":{"loc":{"start":{"line":12,"column":8},"end":{"line":12,"column":34}},"type":"binary-expr","locations":[{"start":{"line":12,"column":8},"end":{"line":12,"column":21}},{"start":{"line":12,"column":25},"end":{"line":12,"column":34}}],"line":12},"2":{"loc":{"start":{"line":13,"column":7},"end":{"line":13,"column":45}},"type":"binary-expr","locations":[{"start":{"line":13,"column":7},"end":{"line":13,"column":15}},{"start":{"line":13,"column":19},"end":{"line":13,"column":40}},{"start":{"line":13,"column":44},"end":{"line":13,"column":45}}],"line":13},"3":{"loc":{"start":{"line":14,"column":7},"end":{"line":14,"column":45}},"type":"binary-expr","locations":[{"start":{"line":14,"column":7},"end":{"line":14,"column":15}},{"start":{"line":14,"column":19},"end":{"line":14,"column":40}},{"start":{"line":14,"column":44},"end":{"line":14,"column":45}}],"line":14},"4":{"loc":{"start":{"line":15,"column":16},"end":{"line":15,"column":64}},"type":"binary-expr","locations":[{"start":{"line":15,"column":16},"end":{"line":15,"column":33}},{"start":{"line":15,"column":37},"end":{"line":15,"column":56}},{"start":{"line":15,"column":60},"end":{"line":15,"column":64}}],"line":15},"5":{"loc":{"start":{"line":20,"column":17},"end":{"line":20,"column":56}},"type":"cond-expr","locations":[{"start":{"line":20,"column":34},"end":{"line":20,"column":49}},{"start":{"line":20,"column":52},"end":{"line":20,"column":56}}],"line":20},"6":{"loc":{"start":{"line":23,"column":8},"end":{"line":23,"column":34}},"type":"binary-expr","locations":[{"start":{"line":23,"column":8},"end":{"line":23,"column":21}},{"start":{"line":23,"column":25},"end":{"line":23,"column":34}}],"line":23},"7":{"loc":{"start":{"line":24,"column":10},"end":{"line":24,"column":38}},"type":"binary-expr","locations":[{"start":{"line":24,"column":10},"end":{"line":24,"column":21}},{"start":{"line":24,"column":25},"end":{"line":24,"column":38}}],"line":24},"8":{"loc":{"start":{"line":25,"column":8},"end":{"line":25,"column":34}},"type":"binary-expr","locations":[{"start":{"line":25,"column":8},"end":{"line":25,"column":17}},{"start":{"line":25,"column":21},"end":{"line":25,"column":34}}],"line":25},"9":{"loc":{"start":{"line":26,"column":14},"end":{"line":26,"column":86}},"type":"binary-expr","locations":[{"start":{"line":26,"column":14},"end":{"line":26,"column":29}},{"start":{"line":26,"column":33},"end":{"line":26,"column":86}}],"line":26},"10":{"loc":{"start":{"line":26,"column":57},"end":{"line":26,"column":77}},"type":"binary-expr","locations":[{"start":{"line":26,"column":57},"end":{"line":26,"column":72}},{"start":{"line":26,"column":76},"end":{"line":26,"column":77}}],"line":26},"11":{"loc":{"start":{"line":27,"column":16},"end":{"line":27,"column":64}},"type":"binary-expr","locations":[{"start":{"line":27,"column":16},"end":{"line":27,"column":33}},{"start":{"line":27,"column":37},"end":{"line":27,"column":56}},{"start":{"line":27,"column":60},"end":{"line":27,"column":64}}],"line":27},"12":{"loc":{"start":{"line":28,"column":12},"end":{"line":28,"column":34}},"type":"binary-expr","locations":[{"start":{"line":28,"column":12},"end":{"line":28,"column":25}},{"start":{"line":28,"column":29},"end":{"line":28,"column":34}}],"line":28},"13":{"loc":{"start":{"line":33,"column":2},"end":{"line":33,"column":null}},"type":"if","locations":[{"start":{"line":33,"column":2},"end":{"line":33,"column":null}},{"start":{},"end":{}}],"line":33},"14":{"loc":{"start":{"line":34,"column":17},"end":{"line":34,"column":59}},"type":"cond-expr","locations":[{"start":{"line":34,"column":35},"end":{"line":34,"column":51}},{"start":{"line":34,"column":54},"end":{"line":34,"column":59}}],"line":34},"15":{"loc":{"start":{"line":36,"column":15},"end":{"line":36,"column":101}},"type":"cond-expr","locations":[{"start":{"line":36,"column":34},"end":{"line":36,"column":74}},{"start":{"line":36,"column":77},"end":{"line":36,"column":101}}],"line":36},"16":{"loc":{"start":{"line":37,"column":45},"end":{"line":37,"column":63}},"type":"binary-expr","locations":[{"start":{"line":37,"column":45},"end":{"line":37,"column":57}},{"start":{"line":37,"column":61},"end":{"line":37,"column":63}}],"line":37},"17":{"loc":{"start":{"line":38,"column":45},"end":{"line":38,"column":63}},"type":"binary-expr","locations":[{"start":{"line":38,"column":45},"end":{"line":38,"column":57}},{"start":{"line":38,"column":61},"end":{"line":38,"column":63}}],"line":38},"18":{"loc":{"start":{"line":53,"column":59},"end":{"line":53,"column":79}},"type":"binary-expr","locations":[{"start":{"line":53,"column":59},"end":{"line":53,"column":68}},{"start":{"line":53,"column":72},"end":{"line":53,"column":79}}],"line":53}},"s":{"0":2,"1":3,"2":6,"3":6,"4":5,"5":5,"6":4,"7":3,"8":1,"9":4,"10":2,"11":2,"12":4,"13":4,"14":1,"15":1},"f":{"0":3,"1":6,"2":5,"3":4,"4":2,"5":4,"6":4,"7":1},"b":{"0":[1,5],"1":[6,3],"2":[6,6,3],"3":[6,6,3],"4":[6,6,5],"5":[0,5],"6":[5,0],"7":[5,5],"8":[5,5],"9":[5,5],"10":[5,2],"11":[5,5,4],"12":[5,5],"13":[3,1],"14":[0,1],"15":[1,0],"16":[4,0],"17":[4,1],"18":[4,4]},"meta":{"lastBranch":19,"lastFunction":8,"lastStatement":16,"seen":{"s:6:19:6:88":0,"f:6:19:6:20":0,"s:6:26:6:87":1,"f:8:16:8:29":1,"s:9:17:9:56":2,"b:9:34:9:49:9:52:9:56":0,"s:10:2:16:Infinity":3,"b:12:8:12:21:12:25:12:34":1,"b:13:7:13:15:13:19:13:40:13:44:13:45":2,"b:14:7:14:15:14:19:14:40:14:44:14:45":3,"b:15:16:15:33:15:37:15:56:15:60:15:64":4,"f:19:16:19:29":2,"s:20:17:20:56":4,"b:20:34:20:49:20:52:20:56":5,"s:21:2:29:Infinity":5,"b:23:8:23:21:23:25:23:34":6,"b:24:10:24:21:24:25:24:38":7,"b:25:8:25:17:25:21:25:34":8,"b:26:14:26:29:26:33:26:86":9,"b:26:57:26:72:26:76:26:77":10,"b:27:16:27:33:27:37:27:56:27:60:27:64":11,"b:28:12:28:25:28:29:28:34":12,"f:32:16:32:30":3,"b:33:2:33:Infinity:undefined:undefined:undefined:undefined":13,"s:33:2:33:Infinity":6,"s:33:14:33:Infinity":7,"s:34:17:34:59":8,"b:34:35:34:51:34:54:34:59":14,"s:35:2:39:Infinity":9,"b:36:34:36:74:36:77:36:101":15,"b:37:45:37:57:37:61:37:63":16,"b:38:45:38:57:38:61:38:63":17,"f:42:22:42:32":4,"s:43:41:48:4":10,"s:50:2:55:Infinity":11,"f:52:43:52:47":5,"s:52:51:52:67":12,"f:53:43:53:47":6,"s:53:51:53:80":13,"b:53:59:53:68:53:72:53:79":18,"f:58:22:58:39":7,"s:59:34:59:52":14,"s:60:2:60:Infinity":15},"fnNames":{}}}
,"D:\\PROJECTS\\challenge4\\backend\\tools\\crowdTool.js": {"path":"D:\\PROJECTS\\challenge4\\backend\\tools\\crowdTool.js","statementMap":{"0":{"start":{"line":12,"column":18},"end":{"line":17,"column":1}},"1":{"start":{"line":19,"column":22},"end":{"line":24,"column":1}},"2":{"start":{"line":27,"column":2},"end":{"line":27,"column":null}},"3":{"start":{"line":27,"column":20},"end":{"line":27,"column":null}},"4":{"start":{"line":28,"column":2},"end":{"line":28,"column":null}},"5":{"start":{"line":28,"column":20},"end":{"line":28,"column":null}},"6":{"start":{"line":29,"column":2},"end":{"line":29,"column":null}},"7":{"start":{"line":29,"column":20},"end":{"line":29,"column":null}},"8":{"start":{"line":30,"column":2},"end":{"line":30,"column":null}},"9":{"start":{"line":34,"column":2},"end":{"line":34,"column":null}},"10":{"start":{"line":34,"column":20},"end":{"line":34,"column":null}},"11":{"start":{"line":35,"column":2},"end":{"line":35,"column":null}},"12":{"start":{"line":35,"column":20},"end":{"line":35,"column":null}},"13":{"start":{"line":36,"column":2},"end":{"line":36,"column":null}},"14":{"start":{"line":36,"column":20},"end":{"line":36,"column":null}},"15":{"start":{"line":37,"column":2},"end":{"line":37,"column":null}},"16":{"start":{"line":53,"column":20},"end":{"line":53,"column":45}},"17":{"start":{"line":55,"column":16},"end":{"line":70,"column":4}},"18":{"start":{"line":56,"column":23},"end":{"line":56,"column":57}},"19":{"start":{"line":57,"column":23},"end":{"line":57,"column":48}},"20":{"start":{"line":58,"column":23},"end":{"line":58,"column":86}},"21":{"start":{"line":59,"column":23},"end":{"line":59,"column":70}},"22":{"start":{"line":60,"column":4},"end":{"line":69,"column":null}},"23":{"start":{"line":72,"column":20},"end":{"line":75,"column":4}},"24":{"start":{"line":73,"column":20},"end":{"line":73,"column":54}},"25":{"start":{"line":74,"column":4},"end":{"line":74,"column":null}},"26":{"start":{"line":77,"column":23},"end":{"line":77,"column":76}},"27":{"start":{"line":77,"column":46},"end":{"line":77,"column":75}},"28":{"start":{"line":78,"column":23},"end":{"line":78,"column":95}},"29":{"start":{"line":78,"column":39},"end":{"line":78,"column":54}},"30":{"start":{"line":78,"column":79},"end":{"line":78,"column":94}},"31":{"start":{"line":80,"column":25},"end":{"line":80,"column":126}},"32":{"start":{"line":80,"column":40},"end":{"line":80,"column":125}},"33":{"start":{"line":81,"column":25},"end":{"line":81,"column":82}},"34":{"start":{"line":81,"column":44},"end":{"line":81,"column":81}},"35":{"start":{"line":83,"column":25},"end":{"line":85,"column":48}},"36":{"start":{"line":87,"column":20},"end":{"line":96,"column":14}},"37":{"start":{"line":98,"column":18},"end":{"line":100,"column":64}},"38":{"start":{"line":102,"column":2},"end":{"line":109,"column":null}}},"fnMap":{"0":{"name":"statusLabel","decl":{"start":{"line":26,"column":9},"end":{"line":26,"column":20}},"loc":{"start":{"line":26,"column":30},"end":{"line":31,"column":null}},"line":26},"1":{"name":"statusEmoji","decl":{"start":{"line":33,"column":9},"end":{"line":33,"column":20}},"loc":{"start":{"line":33,"column":30},"end":{"line":38,"column":null}},"line":33},"2":{"name":"getCrowdSummary","decl":{"start":{"line":52,"column":22},"end":{"line":52,"column":37}},"loc":{"start":{"line":52,"column":40},"end":{"line":110,"column":null}},"line":52},"3":{"name":"(anonymous_3)","decl":{"start":{"line":55,"column":30},"end":{"line":55,"column":31}},"loc":{"start":{"line":55,"column":35},"end":{"line":70,"column":3}},"line":55},"4":{"name":"(anonymous_4)","decl":{"start":{"line":72,"column":38},"end":{"line":72,"column":39}},"loc":{"start":{"line":72,"column":43},"end":{"line":75,"column":3}},"line":72},"5":{"name":"(anonymous_5)","decl":{"start":{"line":77,"column":36},"end":{"line":77,"column":37}},"loc":{"start":{"line":77,"column":46},"end":{"line":77,"column":75}},"line":77},"6":{"name":"(anonymous_6)","decl":{"start":{"line":78,"column":34},"end":{"line":78,"column":35}},"loc":{"start":{"line":78,"column":39},"end":{"line":78,"column":54}},"line":78},"7":{"name":"(anonymous_7)","decl":{"start":{"line":78,"column":74},"end":{"line":78,"column":75}},"loc":{"start":{"line":78,"column":79},"end":{"line":78,"column":94}},"line":78},"8":{"name":"(anonymous_8)","decl":{"start":{"line":80,"column":35},"end":{"line":80,"column":36}},"loc":{"start":{"line":80,"column":40},"end":{"line":80,"column":125}},"line":80},"9":{"name":"(anonymous_9)","decl":{"start":{"line":81,"column":39},"end":{"line":81,"column":40}},"loc":{"start":{"line":81,"column":44},"end":{"line":81,"column":81}},"line":81}},"branchMap":{"0":{"loc":{"start":{"line":27,"column":2},"end":{"line":27,"column":null}},"type":"if","locations":[{"start":{"line":27,"column":2},"end":{"line":27,"column":null}},{"start":{},"end":{}}],"line":27},"1":{"loc":{"start":{"line":28,"column":2},"end":{"line":28,"column":null}},"type":"if","locations":[{"start":{"line":28,"column":2},"end":{"line":28,"column":null}},{"start":{},"end":{}}],"line":28},"2":{"loc":{"start":{"line":29,"column":2},"end":{"line":29,"column":null}},"type":"if","locations":[{"start":{"line":29,"column":2},"end":{"line":29,"column":null}},{"start":{},"end":{}}],"line":29},"3":{"loc":{"start":{"line":34,"column":2},"end":{"line":34,"column":null}},"type":"if","locations":[{"start":{"line":34,"column":2},"end":{"line":34,"column":null}},{"start":{},"end":{}}],"line":34},"4":{"loc":{"start":{"line":35,"column":2},"end":{"line":35,"column":null}},"type":"if","locations":[{"start":{"line":35,"column":2},"end":{"line":35,"column":null}},{"start":{},"end":{}}],"line":35},"5":{"loc":{"start":{"line":36,"column":2},"end":{"line":36,"column":null}},"type":"if","locations":[{"start":{"line":36,"column":2},"end":{"line":36,"column":null}},{"start":{},"end":{}}],"line":36},"6":{"loc":{"start":{"line":56,"column":23},"end":{"line":56,"column":57}},"type":"binary-expr","locations":[{"start":{"line":56,"column":23},"end":{"line":56,"column":51}},{"start":{"line":56,"column":55},"end":{"line":56,"column":57}}],"line":56},"7":{"loc":{"start":{"line":73,"column":20},"end":{"line":73,"column":54}},"type":"binary-expr","locations":[{"start":{"line":73,"column":20},"end":{"line":73,"column":48}},{"start":{"line":73,"column":52},"end":{"line":73,"column":54}}],"line":73},"8":{"loc":{"start":{"line":77,"column":46},"end":{"line":77,"column":75}},"type":"cond-expr","locations":[{"start":{"line":77,"column":70},"end":{"line":77,"column":71}},{"start":{"line":77,"column":74},"end":{"line":77,"column":75}}],"line":77},"9":{"loc":{"start":{"line":78,"column":23},"end":{"line":78,"column":95}},"type":"binary-expr","locations":[{"start":{"line":78,"column":23},"end":{"line":78,"column":55}},{"start":{"line":78,"column":59},"end":{"line":78,"column":95}}],"line":78},"10":{"loc":{"start":{"line":83,"column":25},"end":{"line":85,"column":48}},"type":"cond-expr","locations":[{"start":{"line":84,"column":6},"end":{"line":84,"column":null}},{"start":{"line":85,"column":6},"end":{"line":85,"column":48}}],"line":83},"11":{"loc":{"start":{"line":98,"column":18},"end":{"line":100,"column":64}},"type":"cond-expr","locations":[{"start":{"line":99,"column":6},"end":{"line":99,"column":null}},{"start":{"line":100,"column":6},"end":{"line":100,"column":64}}],"line":98}},"s":{"0":3,"1":3,"2":24,"3":22,"4":2,"5":0,"6":2,"7":1,"8":1,"9":24,"10":22,"11":2,"12":0,"13":2,"14":1,"15":1,"16":3,"17":3,"18":12,"19":12,"20":12,"21":12,"22":12,"23":3,"24":12,"25":12,"26":3,"27":9,"28":3,"29":9,"30":8,"31":3,"32":12,"33":3,"34":12,"35":3,"36":3,"37":3,"38":3},"f":{"0":24,"1":24,"2":3,"3":12,"4":12,"5":9,"6":9,"7":8,"8":12,"9":12},"b":{"0":[22,2],"1":[0,2],"2":[1,1],"3":[22,2],"4":[0,2],"5":[1,1],"6":[12,8],"7":[12,11],"8":[5,4],"9":[3,2],"10":[1,2],"11":[1,2]},"meta":{"lastBranch":12,"lastFunction":10,"lastStatement":39,"seen":{"s:12:18:17:1":0,"s:19:22:24:1":1,"f:26:9:26:20":0,"b:27:2:27:Infinity:undefined:undefined:undefined:undefined":0,"s:27:2:27:Infinity":2,"s:27:20:27:Infinity":3,"b:28:2:28:Infinity:undefined:undefined:undefined:undefined":1,"s:28:2:28:Infinity":4,"s:28:20:28:Infinity":5,"b:29:2:29:Infinity:undefined:undefined:undefined:undefined":2,"s:29:2:29:Infinity":6,"s:29:20:29:Infinity":7,"s:30:2:30:Infinity":8,"f:33:9:33:20":1,"b:34:2:34:Infinity:undefined:undefined:undefined:undefined":3,"s:34:2:34:Infinity":9,"s:34:20:34:Infinity":10,"b:35:2:35:Infinity:undefined:undefined:undefined:undefined":4,"s:35:2:35:Infinity":11,"s:35:20:35:Infinity":12,"b:36:2:36:Infinity:undefined:undefined:undefined:undefined":5,"s:36:2:36:Infinity":13,"s:36:20:36:Infinity":14,"s:37:2:37:Infinity":15,"f:52:22:52:37":2,"s:53:20:53:45":16,"s:55:16:70:4":17,"f:55:30:55:31":3,"s:56:23:56:57":18,"b:56:23:56:51:56:55:56:57":6,"s:57:23:57:48":19,"s:58:23:58:86":20,"s:59:23:59:70":21,"s:60:4:69:Infinity":22,"s:72:20:75:4":23,"f:72:38:72:39":4,"s:73:20:73:54":24,"b:73:20:73:48:73:52:73:54":7,"s:74:4:74:Infinity":25,"s:77:23:77:76":26,"f:77:36:77:37":5,"s:77:46:77:75":27,"b:77:70:77:71:77:74:77:75":8,"s:78:23:78:95":28,"b:78:23:78:55:78:59:78:95":9,"f:78:34:78:35":6,"s:78:39:78:54":29,"f:78:74:78:75":7,"s:78:79:78:94":30,"s:80:25:80:126":31,"f:80:35:80:36":8,"s:80:40:80:125":32,"s:81:25:81:82":33,"f:81:39:81:40":9,"s:81:44:81:81":34,"s:83:25:85:48":35,"b:84:6:84:Infinity:85:6:85:48":10,"s:87:20:96:14":36,"s:98:18:100:64":37,"b:99:6:99:Infinity:100:6:100:64":11,"s:102:2:109:Infinity":38},"fnNames":{}}}
,"D:\\PROJECTS\\challenge4\\backend\\tools\\facilityTool.js": {"path":"D:\\PROJECTS\\challenge4\\backend\\tools\\facilityTool.js","statementMap":{"0":{"start":{"line":13,"column":24},"end":{"line":21,"column":1}},"1":{"start":{"line":33,"column":34},"end":{"line":33,"column":59}},"2":{"start":{"line":35,"column":21},"end":{"line":35,"column":63}},"3":{"start":{"line":35,"column":39},"end":{"line":35,"column":62}},"4":{"start":{"line":36,"column":2},"end":{"line":42,"column":null}},"5":{"start":{"line":37,"column":4},"end":{"line":41,"column":null}},"6":{"start":{"line":45,"column":20},"end":{"line":45,"column":24}},"7":{"start":{"line":46,"column":20},"end":{"line":46,"column":24}},"8":{"start":{"line":47,"column":20},"end":{"line":47,"column":28}},"9":{"start":{"line":49,"column":2},"end":{"line":56,"column":null}},"10":{"start":{"line":50,"column":18},"end":{"line":50,"column":93}},"11":{"start":{"line":51,"column":4},"end":{"line":55,"column":null}},"12":{"start":{"line":52,"column":6},"end":{"line":52,"column":null}},"13":{"start":{"line":53,"column":6},"end":{"line":53,"column":null}},"14":{"start":{"line":54,"column":6},"end":{"line":54,"column":null}},"15":{"start":{"line":58,"column":2},"end":{"line":64,"column":null}},"16":{"start":{"line":59,"column":4},"end":{"line":63,"column":null}},"17":{"start":{"line":66,"column":19},"end":{"line":66,"column":64}},"18":{"start":{"line":67,"column":19},"end":{"line":67,"column":56}},"19":{"start":{"line":68,"column":20},"end":{"line":73,"column":4}},"20":{"start":{"line":69,"column":4},"end":{"line":69,"column":null}},"21":{"start":{"line":69,"column":17},"end":{"line":69,"column":null}},"22":{"start":{"line":70,"column":4},"end":{"line":70,"column":null}},"23":{"start":{"line":70,"column":41},"end":{"line":70,"column":null}},"24":{"start":{"line":71,"column":17},"end":{"line":71,"column":39}},"25":{"start":{"line":72,"column":4},"end":{"line":72,"column":null}},"26":{"start":{"line":75,"column":21},"end":{"line":75,"column":78}},"27":{"start":{"line":77,"column":20},"end":{"line":82,"column":14}},"28":{"start":{"line":84,"column":2},"end":{"line":84,"column":null}}},"fnMap":{"0":{"name":"getNearestFacility","decl":{"start":{"line":32,"column":22},"end":{"line":32,"column":40}},"loc":{"start":{"line":32,"column":98},"end":{"line":85,"column":null}},"line":32},"1":{"name":"(anonymous_1)","decl":{"start":{"line":35,"column":34},"end":{"line":35,"column":35}},"loc":{"start":{"line":35,"column":39},"end":{"line":35,"column":62}},"line":35},"2":{"name":"(anonymous_2)","decl":{"start":{"line":68,"column":39},"end":{"line":68,"column":40}},"loc":{"start":{"line":68,"column":52},"end":{"line":73,"column":3}},"line":68}},"branchMap":{"0":{"loc":{"start":{"line":32,"column":69},"end":{"line":32,"column":94}},"type":"default-arg","locations":[{"start":{"line":32,"column":89},"end":{"line":32,"column":94}}],"line":32},"1":{"loc":{"start":{"line":36,"column":2},"end":{"line":42,"column":null}},"type":"if","locations":[{"start":{"line":36,"column":2},"end":{"line":42,"column":null}},{"start":{},"end":{}}],"line":36},"2":{"loc":{"start":{"line":51,"column":4},"end":{"line":55,"column":null}},"type":"if","locations":[{"start":{"line":51,"column":4},"end":{"line":55,"column":null}},{"start":{},"end":{}}],"line":51},"3":{"loc":{"start":{"line":51,"column":8},"end":{"line":51,"column":43}},"type":"binary-expr","locations":[{"start":{"line":51,"column":8},"end":{"line":51,"column":13}},{"start":{"line":51,"column":17},"end":{"line":51,"column":43}}],"line":51},"4":{"loc":{"start":{"line":58,"column":2},"end":{"line":64,"column":null}},"type":"if","locations":[{"start":{"line":58,"column":2},"end":{"line":64,"column":null}},{"start":{},"end":{}}],"line":58},"5":{"loc":{"start":{"line":58,"column":6},"end":{"line":58,"column":29}},"type":"binary-expr","locations":[{"start":{"line":58,"column":6},"end":{"line":58,"column":16}},{"start":{"line":58,"column":20},"end":{"line":58,"column":29}}],"line":58},"6":{"loc":{"start":{"line":66,"column":19},"end":{"line":66,"column":64}},"type":"binary-expr","locations":[{"start":{"line":66,"column":19},"end":{"line":66,"column":48}},{"start":{"line":66,"column":52},"end":{"line":66,"column":64}}],"line":66},"7":{"loc":{"start":{"line":69,"column":4},"end":{"line":69,"column":null}},"type":"if","locations":[{"start":{"line":69,"column":4},"end":{"line":69,"column":null}},{"start":{},"end":{}}],"line":69},"8":{"loc":{"start":{"line":70,"column":4},"end":{"line":70,"column":null}},"type":"if","locations":[{"start":{"line":70,"column":4},"end":{"line":70,"column":null}},{"start":{},"end":{}}],"line":70},"9":{"loc":{"start":{"line":72,"column":24},"end":{"line":72,"column":45}},"type":"binary-expr","locations":[{"start":{"line":72,"column":24},"end":{"line":72,"column":38}},{"start":{"line":72,"column":42},"end":{"line":72,"column":45}}],"line":72},"10":{"loc":{"start":{"line":75,"column":21},"end":{"line":75,"column":78}},"type":"cond-expr","locations":[{"start":{"line":75,"column":41},"end":{"line":75,"column":73}},{"start":{"line":75,"column":76},"end":{"line":75,"column":78}}],"line":75}},"s":{"0":3,"1":4,"2":4,"3":16,"4":4,"5":1,"6":3,"7":3,"8":3,"9":3,"10":5,"11":5,"12":2,"13":2,"14":2,"15":3,"16":1,"17":2,"18":4,"19":4,"20":4,"21":2,"22":2,"23":2,"24":0,"25":0,"26":4,"27":4,"28":4},"f":{"0":4,"1":16,"2":4},"b":{"0":[4],"1":[1,3],"2":[2,3],"3":[5,3],"4":[1,2],"5":[3,2],"6":[2,0],"7":[2,2],"8":[2,0],"9":[0,0],"10":[0,2]},"meta":{"lastBranch":11,"lastFunction":3,"lastStatement":29,"seen":{"s:13:24:21:1":0,"f:32:22:32:40":0,"b:32:89:32:94":0,"s:33:34:33:59":1,"s:35:21:35:63":2,"f:35:34:35:35":1,"s:35:39:35:62":3,"b:36:2:42:Infinity:undefined:undefined:undefined:undefined":1,"s:36:2:42:Infinity":4,"s:37:4:41:Infinity":5,"s:45:20:45:24":6,"s:46:20:46:24":7,"s:47:20:47:28":8,"s:49:2:56:Infinity":9,"s:50:18:50:93":10,"b:51:4:55:Infinity:undefined:undefined:undefined:undefined":2,"s:51:4:55:Infinity":11,"b:51:8:51:13:51:17:51:43":3,"s:52:6:52:Infinity":12,"s:53:6:53:Infinity":13,"s:54:6:54:Infinity":14,"b:58:2:64:Infinity:undefined:undefined:undefined:undefined":4,"s:58:2:64:Infinity":15,"b:58:6:58:16:58:20:58:29":5,"s:59:4:63:Infinity":16,"s:66:19:66:64":17,"b:66:19:66:48:66:52:66:64":6,"s:67:19:67:56":18,"s:68:20:73:4":19,"f:68:39:68:40":2,"b:69:4:69:Infinity:undefined:undefined:undefined:undefined":7,"s:69:4:69:Infinity":20,"s:69:17:69:Infinity":21,"b:70:4:70:Infinity:undefined:undefined:undefined:undefined":8,"s:70:4:70:Infinity":22,"s:70:41:70:Infinity":23,"s:71:17:71:39":24,"s:72:4:72:Infinity":25,"b:72:24:72:38:72:42:72:45":9,"s:75:21:75:78":26,"b:75:41:75:73:75:76:75:78":10,"s:77:20:82:14":27,"s:84:2:84:Infinity":28},"fnNames":{}}}
,"D:\\PROJECTS\\challenge4\\backend\\tools\\routingTool.js": {"path":"D:\\PROJECTS\\challenge4\\backend\\tools\\routingTool.js","statementMap":{"0":{"start":{"line":24,"column":49},"end":{"line":24,"column":74}},"1":{"start":{"line":25,"column":20},"end":{"line":25,"column":42}},"2":{"start":{"line":27,"column":17},"end":{"line":27,"column":92}},"3":{"start":{"line":29,"column":2},"end":{"line":34,"column":null}},"4":{"start":{"line":30,"column":4},"end":{"line":33,"column":null}},"5":{"start":{"line":36,"column":21},"end":{"line":36,"column":55}},"6":{"start":{"line":37,"column":21},"end":{"line":37,"column":41}},"7":{"start":{"line":38,"column":21},"end":{"line":44,"column":4}},"8":{"start":{"line":39,"column":4},"end":{"line":39,"column":null}},"9":{"start":{"line":39,"column":36},"end":{"line":39,"column":null}},"10":{"start":{"line":40,"column":4},"end":{"line":40,"column":null}},"11":{"start":{"line":40,"column":38},"end":{"line":40,"column":null}},"12":{"start":{"line":41,"column":17},"end":{"line":41,"column":36}},"13":{"start":{"line":42,"column":22},"end":{"line":42,"column":55}},"14":{"start":{"line":43,"column":4},"end":{"line":43,"column":null}},"15":{"start":{"line":46,"column":19},"end":{"line":46,"column":21}},"16":{"start":{"line":47,"column":2},"end":{"line":47,"column":null}},"17":{"start":{"line":47,"column":29},"end":{"line":47,"column":null}},"18":{"start":{"line":48,"column":2},"end":{"line":48,"column":null}},"19":{"start":{"line":48,"column":29},"end":{"line":48,"column":null}},"20":{"start":{"line":50,"column":20},"end":{"line":56,"column":14}},"21":{"start":{"line":58,"column":2},"end":{"line":58,"column":null}},"22":{"start":{"line":62,"column":2},"end":{"line":62,"column":null}},"23":{"start":{"line":62,"column":26},"end":{"line":62,"column":null}},"24":{"start":{"line":63,"column":2},"end":{"line":63,"column":null}},"25":{"start":{"line":63,"column":26},"end":{"line":63,"column":null}},"26":{"start":{"line":64,"column":2},"end":{"line":64,"column":null}},"27":{"start":{"line":64,"column":26},"end":{"line":64,"column":null}},"28":{"start":{"line":65,"column":2},"end":{"line":65,"column":null}},"29":{"start":{"line":65,"column":26},"end":{"line":65,"column":null}},"30":{"start":{"line":66,"column":2},"end":{"line":66,"column":null}}},"fnMap":{"0":{"name":"getRoute","decl":{"start":{"line":23,"column":22},"end":{"line":23,"column":30}},"loc":{"start":{"line":23,"column":98},"end":{"line":59,"column":null}},"line":23},"1":{"name":"(anonymous_1)","decl":{"start":{"line":38,"column":37},"end":{"line":38,"column":38}},"loc":{"start":{"line":38,"column":50},"end":{"line":44,"column":3}},"line":38},"2":{"name":"levelLabel","decl":{"start":{"line":61,"column":9},"end":{"line":61,"column":19}},"loc":{"start":{"line":61,"column":27},"end":{"line":67,"column":null}},"line":61}},"branchMap":{"0":{"loc":{"start":{"line":23,"column":55},"end":{"line":23,"column":80}},"type":"default-arg","locations":[{"start":{"line":23,"column":75},"end":{"line":23,"column":80}}],"line":23},"1":{"loc":{"start":{"line":23,"column":82},"end":{"line":23,"column":94}},"type":"default-arg","locations":[{"start":{"line":23,"column":90},"end":{"line":23,"column":94}}],"line":23},"2":{"loc":{"start":{"line":25,"column":20},"end":{"line":25,"column":42}},"type":"binary-expr","locations":[{"start":{"line":25,"column":20},"end":{"line":25,"column":25}},{"start":{"line":25,"column":29},"end":{"line":25,"column":42}}],"line":25},"3":{"loc":{"start":{"line":29,"column":2},"end":{"line":34,"column":null}},"type":"if","locations":[{"start":{"line":29,"column":2},"end":{"line":34,"column":null}},{"start":{},"end":{}}],"line":29},"4":{"loc":{"start":{"line":39,"column":4},"end":{"line":39,"column":null}},"type":"if","locations":[{"start":{"line":39,"column":4},"end":{"line":39,"column":null}},{"start":{},"end":{}}],"line":39},"5":{"loc":{"start":{"line":40,"column":4},"end":{"line":40,"column":null}},"type":"if","locations":[{"start":{"line":40,"column":4},"end":{"line":40,"column":null}},{"start":{},"end":{}}],"line":40},"6":{"loc":{"start":{"line":42,"column":22},"end":{"line":42,"column":55}},"type":"cond-expr","locations":[{"start":{"line":42,"column":37},"end":{"line":42,"column":50}},{"start":{"line":42,"column":53},"end":{"line":42,"column":55}}],"line":42},"7":{"loc":{"start":{"line":43,"column":24},"end":{"line":43,"column":45}},"type":"binary-expr","locations":[{"start":{"line":43,"column":24},"end":{"line":43,"column":38}},{"start":{"line":43,"column":42},"end":{"line":43,"column":45}}],"line":43},"8":{"loc":{"start":{"line":47,"column":2},"end":{"line":47,"column":null}},"type":"if","locations":[{"start":{"line":47,"column":2},"end":{"line":47,"column":null}},{"start":{},"end":{}}],"line":47},"9":{"loc":{"start":{"line":48,"column":2},"end":{"line":48,"column":null}},"type":"if","locations":[{"start":{"line":48,"column":2},"end":{"line":48,"column":null}},{"start":{},"end":{}}],"line":48},"10":{"loc":{"start":{"line":62,"column":2},"end":{"line":62,"column":null}},"type":"if","locations":[{"start":{"line":62,"column":2},"end":{"line":62,"column":null}},{"start":{},"end":{}}],"line":62},"11":{"loc":{"start":{"line":63,"column":2},"end":{"line":63,"column":null}},"type":"if","locations":[{"start":{"line":63,"column":2},"end":{"line":63,"column":null}},{"start":{},"end":{}}],"line":63},"12":{"loc":{"start":{"line":64,"column":2},"end":{"line":64,"column":null}},"type":"if","locations":[{"start":{"line":64,"column":2},"end":{"line":64,"column":null}},{"start":{},"end":{}}],"line":64},"13":{"loc":{"start":{"line":65,"column":2},"end":{"line":65,"column":null}},"type":"if","locations":[{"start":{"line":65,"column":2},"end":{"line":65,"column":null}},{"start":{},"end":{}}],"line":65}},"s":{"0":4,"1":4,"2":4,"3":4,"4":1,"5":3,"6":3,"7":3,"8":6,"9":3,"10":3,"11":3,"12":0,"13":0,"14":6,"15":3,"16":3,"17":1,"18":3,"19":1,"20":3,"21":3,"22":6,"23":3,"24":3,"25":3,"26":0,"27":0,"28":0,"29":0,"30":0},"f":{"0":4,"1":6,"2":6},"b":{"0":[4],"1":[4],"2":[4,3],"3":[1,3],"4":[3,3],"5":[3,0],"6":[0,0],"7":[6,0],"8":[1,2],"9":[1,2],"10":[3,3],"11":[3,0],"12":[0,0],"13":[0,0]},"meta":{"lastBranch":14,"lastFunction":3,"lastStatement":31,"seen":{"f:23:22:23:30":0,"b:23:75:23:80":0,"b:23:90:23:94":1,"s:24:49:24:74":0,"s:25:20:25:42":1,"b:25:20:25:25:25:29:25:42":2,"s:27:17:27:92":2,"b:29:2:34:Infinity:undefined:undefined:undefined:undefined":3,"s:29:2:34:Infinity":3,"s:30:4:33:Infinity":4,"s:36:21:36:55":5,"s:37:21:37:41":6,"s:38:21:44:4":7,"f:38:37:38:38":1,"b:39:4:39:Infinity:undefined:undefined:undefined:undefined":4,"s:39:4:39:Infinity":8,"s:39:36:39:Infinity":9,"b:40:4:40:Infinity:undefined:undefined:undefined:undefined":5,"s:40:4:40:Infinity":10,"s:40:38:40:Infinity":11,"s:41:17:41:36":12,"s:42:22:42:55":13,"b:42:37:42:50:42:53:42:55":6,"s:43:4:43:Infinity":14,"b:43:24:43:38:43:42:43:45":7,"s:46:19:46:21":15,"b:47:2:47:Infinity:undefined:undefined:undefined:undefined":8,"s:47:2:47:Infinity":16,"s:47:29:47:Infinity":17,"b:48:2:48:Infinity:undefined:undefined:undefined:undefined":9,"s:48:2:48:Infinity":18,"s:48:29:48:Infinity":19,"s:50:20:56:14":20,"s:58:2:58:Infinity":21,"f:61:9:61:19":2,"b:62:2:62:Infinity:undefined:undefined:undefined:undefined":10,"s:62:2:62:Infinity":22,"s:62:26:62:Infinity":23,"b:63:2:63:Infinity:undefined:undefined:undefined:undefined":11,"s:63:2:63:Infinity":24,"s:63:26:63:Infinity":25,"b:64:2:64:Infinity:undefined:undefined:undefined:undefined":12,"s:64:2:64:Infinity":26,"s:64:26:64:Infinity":27,"b:65:2:65:Infinity:undefined:undefined:undefined:undefined":13,"s:65:2:65:Infinity":28,"s:65:26:65:Infinity":29,"s:66:2:66:Infinity":30},"fnNames":{}}}
}
